
===========================================================================
report_checks -path_delay min (Hold)
============================================================================
======================= Typical Corner ===================================

Startpoint: a1[7] (input port clocked by __VIRTUAL_CLK__)
Endpoint: b1[7] (output port clocked by __VIRTUAL_CLK__)
Path Group: __VIRTUAL_CLK__
Path Type: min

Fanout     Cap    Slew   Delay    Time   Description
-----------------------------------------------------------------------------
                  0.00    0.00    0.00   clock __VIRTUAL_CLK__ (rise edge)
                          0.00    0.00   clock network delay (ideal)
                          2.00    2.00 ^ input external delay
     1    0.00    0.02    0.01    2.01 ^ a1[7] (in)
                                         a1[7] (net)
                  0.02    0.00    2.01 ^ input8/A (sky130_fd_sc_hd__buf_1)
     1    0.01    0.09    0.10    2.11 ^ input8/X (sky130_fd_sc_hd__buf_1)
                                         net8 (net)
                  0.09    0.00    2.11 ^ _24_/A (sky130_fd_sc_hd__xor2_1)
     1    0.00    0.04    0.07    2.18 v _24_/X (sky130_fd_sc_hd__xor2_1)
                                         net16 (net)
                  0.04    0.00    2.18 v output16/A (sky130_fd_sc_hd__buf_2)
     1    0.03    0.09    0.17    2.35 v output16/X (sky130_fd_sc_hd__buf_2)
                                         b1[7] (net)
                  0.09    0.00    2.35 v b1[7] (out)
                                  2.35   data arrival time

                  0.00    0.00    0.00   clock __VIRTUAL_CLK__ (rise edge)
                          0.00    0.00   clock network delay (ideal)
                          0.25    0.25   clock uncertainty
                          0.00    0.25   clock reconvergence pessimism
                         -2.00   -1.75   output external delay
                                 -1.75   data required time
-----------------------------------------------------------------------------
                                 -1.75   data required time
                                 -2.35   data arrival time
-----------------------------------------------------------------------------
                                  4.10   slack (MET)


Startpoint: a1[0] (input port clocked by __VIRTUAL_CLK__)
Endpoint: b1[0] (output port clocked by __VIRTUAL_CLK__)
Path Group: __VIRTUAL_CLK__
Path Type: min

Fanout     Cap    Slew   Delay    Time   Description
-----------------------------------------------------------------------------
                  0.00    0.00    0.00   clock __VIRTUAL_CLK__ (rise edge)
                          0.00    0.00   clock network delay (ideal)
                          2.00    2.00 v input external delay
     1    0.00    0.01    0.00    2.00 v a1[0] (in)
                                         a1[0] (net)
                  0.01    0.00    2.00 v input1/A (sky130_fd_sc_hd__buf_1)
     5    0.01    0.09    0.12    2.12 v input1/X (sky130_fd_sc_hd__buf_1)
                                         net1 (net)
                  0.09    0.00    2.12 v _27_/A (sky130_fd_sc_hd__clkbuf_1)
     1    0.00    0.02    0.09    2.21 v _27_/X (sky130_fd_sc_hd__clkbuf_1)
                                         net9 (net)
                  0.02    0.00    2.21 v output9/A (sky130_fd_sc_hd__buf_2)
     1    0.03    0.09    0.16    2.38 v output9/X (sky130_fd_sc_hd__buf_2)
                                         b1[0] (net)
                  0.09    0.00    2.38 v b1[0] (out)
                                  2.38   data arrival time

                  0.00    0.00    0.00   clock __VIRTUAL_CLK__ (rise edge)
                          0.00    0.00   clock network delay (ideal)
                          0.25    0.25   clock uncertainty
                          0.00    0.25   clock reconvergence pessimism
                         -2.00   -1.75   output external delay
                                 -1.75   data required time
-----------------------------------------------------------------------------
                                 -1.75   data required time
                                 -2.38   data arrival time
-----------------------------------------------------------------------------
                                  4.13   slack (MET)


Startpoint: a1[5] (input port clocked by __VIRTUAL_CLK__)
Endpoint: b1[5] (output port clocked by __VIRTUAL_CLK__)
Path Group: __VIRTUAL_CLK__
Path Type: min

Fanout     Cap    Slew   Delay    Time   Description
-----------------------------------------------------------------------------
                  0.00    0.00    0.00   clock __VIRTUAL_CLK__ (rise edge)
                          0.00    0.00   clock network delay (ideal)
                          2.00    2.00 v input external delay
     1    0.00    0.01    0.01    2.01 v a1[5] (in)
                                         a1[5] (net)
                  0.01    0.00    2.01 v input6/A (sky130_fd_sc_hd__buf_1)
     3    0.01    0.09    0.12    2.12 v input6/X (sky130_fd_sc_hd__buf_1)
                                         net6 (net)
                  0.09    0.00    2.12 v _19_/A (sky130_fd_sc_hd__xnor2_1)
     1    0.00    0.03    0.12    2.24 v _19_/Y (sky130_fd_sc_hd__xnor2_1)
                                         net14 (net)
                  0.03    0.00    2.24 v output14/A (sky130_fd_sc_hd__buf_2)
     1    0.03    0.09    0.16    2.41 v output14/X (sky130_fd_sc_hd__buf_2)
                                         b1[5] (net)
                  0.09    0.00    2.41 v b1[5] (out)
                                  2.41   data arrival time

                  0.00    0.00    0.00   clock __VIRTUAL_CLK__ (rise edge)
                          0.00    0.00   clock network delay (ideal)
                          0.25    0.25   clock uncertainty
                          0.00    0.25   clock reconvergence pessimism
                         -2.00   -1.75   output external delay
                                 -1.75   data required time
-----------------------------------------------------------------------------
                                 -1.75   data required time
                                 -2.41   data arrival time
-----------------------------------------------------------------------------
                                  4.16   slack (MET)


Startpoint: a1[2] (input port clocked by __VIRTUAL_CLK__)
Endpoint: b1[2] (output port clocked by __VIRTUAL_CLK__)
Path Group: __VIRTUAL_CLK__
Path Type: min

Fanout     Cap    Slew   Delay    Time   Description
-----------------------------------------------------------------------------
                  0.00    0.00    0.00   clock __VIRTUAL_CLK__ (rise edge)
                          0.00    0.00   clock network delay (ideal)
                          2.00    2.00 v input external delay
     1    0.00    0.01    0.01    2.01 v a1[2] (in)
                                         a1[2] (net)
                  0.01    0.00    2.01 v input3/A (sky130_fd_sc_hd__buf_1)
     3    0.01    0.07    0.10    2.11 v input3/X (sky130_fd_sc_hd__buf_1)
                                         net3 (net)
                  0.07    0.00    2.11 v _11_/A (sky130_fd_sc_hd__xnor2_1)
     1    0.00    0.04    0.13    2.24 v _11_/Y (sky130_fd_sc_hd__xnor2_1)
                                         net11 (net)
                  0.04    0.00    2.24 v output11/A (sky130_fd_sc_hd__buf_2)
     1    0.03    0.09    0.17    2.41 v output11/X (sky130_fd_sc_hd__buf_2)
                                         b1[2] (net)
                  0.09    0.00    2.41 v b1[2] (out)
                                  2.41   data arrival time

                  0.00    0.00    0.00   clock __VIRTUAL_CLK__ (rise edge)
                          0.00    0.00   clock network delay (ideal)
                          0.25    0.25   clock uncertainty
                          0.00    0.25   clock reconvergence pessimism
                         -2.00   -1.75   output external delay
                                 -1.75   data required time
-----------------------------------------------------------------------------
                                 -1.75   data required time
                                 -2.41   data arrival time
-----------------------------------------------------------------------------
                                  4.16   slack (MET)


Startpoint: a1[1] (input port clocked by __VIRTUAL_CLK__)
Endpoint: b1[1] (output port clocked by __VIRTUAL_CLK__)
Path Group: __VIRTUAL_CLK__
Path Type: min

Fanout     Cap    Slew   Delay    Time   Description
-----------------------------------------------------------------------------
                  0.00    0.00    0.00   clock __VIRTUAL_CLK__ (rise edge)
                          0.00    0.00   clock network delay (ideal)
                          2.00    2.00 ^ input external delay
     1    0.00    0.02    0.01    2.01 ^ a1[1] (in)
                                         a1[1] (net)
                  0.02    0.00    2.01 ^ input2/A (sky130_fd_sc_hd__buf_1)
     4    0.01    0.14    0.14    2.15 ^ input2/X (sky130_fd_sc_hd__buf_1)
                                         net2 (net)
                  0.14    0.00    2.15 ^ _25_/A (sky130_fd_sc_hd__and2_1)
     1    0.00    0.05    0.13    2.28 ^ _25_/X (sky130_fd_sc_hd__and2_1)
                                         _09_ (net)
                  0.05    0.00    2.28 ^ _26_/B (sky130_fd_sc_hd__nor2_1)
     1    0.00    0.02    0.03    2.31 v _26_/Y (sky130_fd_sc_hd__nor2_1)
                                         net10 (net)
                  0.02    0.00    2.31 v output10/A (sky130_fd_sc_hd__buf_2)
     1    0.03    0.09    0.16    2.47 v output10/X (sky130_fd_sc_hd__buf_2)
                                         b1[1] (net)
                  0.09    0.00    2.48 v b1[1] (out)
                                  2.48   data arrival time

                  0.00    0.00    0.00   clock __VIRTUAL_CLK__ (rise edge)
                          0.00    0.00   clock network delay (ideal)
                          0.25    0.25   clock uncertainty
                          0.00    0.25   clock reconvergence pessimism
                         -2.00   -1.75   output external delay
                                 -1.75   data required time
-----------------------------------------------------------------------------
                                 -1.75   data required time
                                 -2.48   data arrival time
-----------------------------------------------------------------------------
                                  4.23   slack (MET)


Startpoint: a1[4] (input port clocked by __VIRTUAL_CLK__)
Endpoint: b1[4] (output port clocked by __VIRTUAL_CLK__)
Path Group: __VIRTUAL_CLK__
Path Type: min

Fanout     Cap    Slew   Delay    Time   Description
-----------------------------------------------------------------------------
                  0.00    0.00    0.00   clock __VIRTUAL_CLK__ (rise edge)
                          0.00    0.00   clock network delay (ideal)
                          2.00    2.00 v input external delay
     1    0.00    0.01    0.01    2.01 v a1[4] (in)
                                         a1[4] (net)
                  0.01    0.00    2.01 v input5/A (sky130_fd_sc_hd__buf_1)
     4    0.01    0.08    0.11    2.11 v input5/X (sky130_fd_sc_hd__buf_1)
                                         net5 (net)
                  0.08    0.00    2.11 v _16_/A (sky130_fd_sc_hd__nor2_1)
     2    0.01    0.15    0.15    2.27 ^ _16_/Y (sky130_fd_sc_hd__nor2_1)
                                         _04_ (net)
                  0.15    0.00    2.27 ^ _18_/A (sky130_fd_sc_hd__nor2_1)
     1    0.00    0.03    0.07    2.33 v _18_/Y (sky130_fd_sc_hd__nor2_1)
                                         net13 (net)
                  0.03    0.00    2.33 v output13/A (sky130_fd_sc_hd__buf_2)
     1    0.03    0.09    0.16    2.50 v output13/X (sky130_fd_sc_hd__buf_2)
                                         b1[4] (net)
                  0.09    0.00    2.50 v b1[4] (out)
                                  2.50   data arrival time

                  0.00    0.00    0.00   clock __VIRTUAL_CLK__ (rise edge)
                          0.00    0.00   clock network delay (ideal)
                          0.25    0.25   clock uncertainty
                          0.00    0.25   clock reconvergence pessimism
                         -2.00   -1.75   output external delay
                                 -1.75   data required time
-----------------------------------------------------------------------------
                                 -1.75   data required time
                                 -2.50   data arrival time
-----------------------------------------------------------------------------
                                  4.25   slack (MET)


Startpoint: a1[6] (input port clocked by __VIRTUAL_CLK__)
Endpoint: b1[6] (output port clocked by __VIRTUAL_CLK__)
Path Group: __VIRTUAL_CLK__
Path Type: min

Fanout     Cap    Slew   Delay    Time   Description
-----------------------------------------------------------------------------
                  0.00    0.00    0.00   clock __VIRTUAL_CLK__ (rise edge)
                          0.00    0.00   clock network delay (ideal)
                          2.00    2.00 v input external delay
     1    0.00    0.01    0.00    2.00 v a1[6] (in)
                                         a1[6] (net)
                  0.01    0.00    2.00 v input7/A (sky130_fd_sc_hd__buf_1)
     2    0.01    0.06    0.09    2.10 v input7/X (sky130_fd_sc_hd__buf_1)
                                         net7 (net)
                  0.06    0.00    2.10 v _21_/B1 (sky130_fd_sc_hd__o31ai_1)
     1    0.00    0.05    0.06    2.16 ^ _21_/Y (sky130_fd_sc_hd__o31ai_1)
                                         _07_ (net)
                  0.05    0.00    2.16 ^ _22_/B (sky130_fd_sc_hd__and2_1)
     1    0.00    0.04    0.11    2.27 ^ _22_/X (sky130_fd_sc_hd__and2_1)
                                         _08_ (net)
                  0.04    0.00    2.27 ^ _23_/A (sky130_fd_sc_hd__clkbuf_1)
     1    0.00    0.06    0.09    2.36 ^ _23_/X (sky130_fd_sc_hd__clkbuf_1)
                                         net15 (net)
                  0.06    0.00    2.36 ^ output15/A (sky130_fd_sc_hd__buf_2)
     1    0.03    0.17    0.19    2.55 ^ output15/X (sky130_fd_sc_hd__buf_2)
                                         b1[6] (net)
                  0.17    0.00    2.55 ^ b1[6] (out)
                                  2.55   data arrival time

                  0.00    0.00    0.00   clock __VIRTUAL_CLK__ (rise edge)
                          0.00    0.00   clock network delay (ideal)
                          0.25    0.25   clock uncertainty
                          0.00    0.25   clock reconvergence pessimism
                         -2.00   -1.75   output external delay
                                 -1.75   data required time
-----------------------------------------------------------------------------
                                 -1.75   data required time
                                 -2.55   data arrival time
-----------------------------------------------------------------------------
                                  4.30   slack (MET)


Startpoint: a1[3] (input port clocked by __VIRTUAL_CLK__)
Endpoint: b1[3] (output port clocked by __VIRTUAL_CLK__)
Path Group: __VIRTUAL_CLK__
Path Type: min

Fanout     Cap    Slew   Delay    Time   Description
-----------------------------------------------------------------------------
                  0.00    0.00    0.00   clock __VIRTUAL_CLK__ (rise edge)
                          0.00    0.00   clock network delay (ideal)
                          2.00    2.00 v input external delay
     1    0.00    0.01    0.01    2.01 v a1[3] (in)
                                         a1[3] (net)
                  0.01    0.00    2.01 v input4/A (sky130_fd_sc_hd__clkbuf_1)
     2    0.01    0.05    0.09    2.09 v input4/X (sky130_fd_sc_hd__clkbuf_1)
                                         net4 (net)
                  0.05    0.00    2.09 v _12_/B1 (sky130_fd_sc_hd__o31a_1)
     1    0.00    0.03    0.10    2.19 v _12_/X (sky130_fd_sc_hd__o31a_1)
                                         _01_ (net)
                  0.03    0.00    2.19 v _14_/A_N (sky130_fd_sc_hd__and2b_1)
     1    0.00    0.04    0.17    2.36 ^ _14_/X (sky130_fd_sc_hd__and2b_1)
                                         _03_ (net)
                  0.04    0.00    2.36 ^ _15_/A (sky130_fd_sc_hd__clkbuf_1)
     1    0.00    0.06    0.09    2.45 ^ _15_/X (sky130_fd_sc_hd__clkbuf_1)
                                         net12 (net)
                  0.06    0.00    2.45 ^ output12/A (sky130_fd_sc_hd__buf_2)
     1    0.03    0.17    0.19    2.64 ^ output12/X (sky130_fd_sc_hd__buf_2)
                                         b1[3] (net)
                  0.17    0.00    2.64 ^ b1[3] (out)
                                  2.64   data arrival time

                  0.00    0.00    0.00   clock __VIRTUAL_CLK__ (rise edge)
                          0.00    0.00   clock network delay (ideal)
                          0.25    0.25   clock uncertainty
                          0.00    0.25   clock reconvergence pessimism
                         -2.00   -1.75   output external delay
                                 -1.75   data required time
-----------------------------------------------------------------------------
                                 -1.75   data required time
                                 -2.64   data arrival time
-----------------------------------------------------------------------------
                                  4.39   slack (MET)



worst slack corner Typical: 4.1006
