
===========================================================================
 report_power
============================================================================
======================= Fastest Corner ===================================

Group                  Internal  Switching    Leakage      Total
                          Power      Power      Power      Power (Watts)
----------------------------------------------------------------
Sequential             0.00e+00   0.00e+00   0.00e+00   0.00e+00   0.0%
Combinational          4.51e-06   1.12e-05   1.44e-10   1.57e-05 100.0%
Clock                  0.00e+00   0.00e+00   1.58e-10   1.58e-10   0.0%
Macro                  0.00e+00   0.00e+00   0.00e+00   0.00e+00   0.0%
Pad                    0.00e+00   0.00e+00   0.00e+00   0.00e+00   0.0%
----------------------------------------------------------------
Total                  4.51e-06   1.12e-05   3.01e-10   1.57e-05 100.0%
                          28.7%      71.3%       0.0%

======================= Slowest Corner ===================================

Group                  Internal  Switching    Leakage      Total
                          Power      Power      Power      Power (Watts)
----------------------------------------------------------------
Sequential             0.00e+00   0.00e+00   0.00e+00   0.00e+00   0.0%
Combinational          3.37e-06   7.47e-06   1.40e-07   1.10e-05 100.0%
Clock                  0.00e+00   0.00e+00   1.58e-10   1.58e-10   0.0%
Macro                  0.00e+00   0.00e+00   0.00e+00   0.00e+00   0.0%
Pad                    0.00e+00   0.00e+00   0.00e+00   0.00e+00   0.0%
----------------------------------------------------------------
Total                  3.37e-06   7.47e-06   1.40e-07   1.10e-05 100.0%
                          30.7%      68.1%       1.3%

======================= Typical Corner ===================================

Group                  Internal  Switching    Leakage      Total
                          Power      Power      Power      Power (Watts)
----------------------------------------------------------------
Sequential             0.00e+00   0.00e+00   0.00e+00   0.00e+00   0.0%
Combinational          4.07e-06   9.50e-06   7.61e-11   1.36e-05 100.0%
Clock                  0.00e+00   0.00e+00   1.58e-10   1.58e-10   0.0%
Macro                  0.00e+00   0.00e+00   0.00e+00   0.00e+00   0.0%
Pad                    0.00e+00   0.00e+00   0.00e+00   0.00e+00   0.0%
----------------------------------------------------------------
Total                  4.07e-06   9.50e-06   2.34e-10   1.36e-05 100.0%
                          30.0%      70.0%       0.0%

