Instance,Terminal,Layer,X location,Y location,Voltage
FILLER_0_12_47,VPWR,li1,27.3700,46.2400,1.799996
FILLER_0_12_41,VPWR,li1,25.7600,46.2400,1.799996
FILLER_0_12_29,VPWR,li1,21.6200,46.2400,1.799996
FILLER_0_12_27,VPWR,li1,18.1700,46.2400,1.799996
FILLER_0_12_15,VPWR,li1,15.1800,46.2400,1.799996
FILLER_0_11_46,VPWR,li1,27.1400,40.8000,1.799996
FILLER_0_11_38,VPWR,li1,24.8400,40.8000,1.799996
FILLER_0_11_31,VPWR,li1,20.0100,40.8000,1.799997
FILLER_0_11_19,VPWR,li1,17.0200,40.8000,1.799997
FILLER_0_11_7,VPWR,li1,11.5000,40.8000,1.799997
FILLER_0_10_47,VPWR,li1,27.3700,40.8000,1.799996
FILLER_0_10_40,VPWR,li1,24.8400,40.8000,1.799996
FILLER_0_10_29,VPWR,li1,20.2400,40.8000,1.799997
FILLER_0_10_20,VPWR,li1,16.5600,40.8000,1.799997
FILLER_0_10_7,VPWR,li1,10.1200,40.8000,1.799997
FILLER_0_9_37,VPWR,li1,24.3800,35.3600,1.799998
FILLER_0_9_25,VPWR,li1,19.7800,35.3600,1.799998
FILLER_0_9_19,VPWR,li1,14.9500,35.3600,1.799998
FILLER_0_9_7,VPWR,li1,11.5000,35.3600,1.799998
FILLER_0_8_47,VPWR,li1,27.3700,35.3600,1.799998
FILLER_0_8_41,VPWR,li1,25.7600,35.3600,1.799998
FILLER_0_8_29,VPWR,li1,21.6200,35.3600,1.799998
FILLER_0_8_27,VPWR,li1,18.1700,35.3600,1.799998
FILLER_0_8_19,VPWR,li1,16.1000,35.3600,1.799998
FILLER_0_8_7,VPWR,li1,11.5000,35.3600,1.799998
FILLER_0_7_46,VPWR,li1,27.1400,29.9200,1.799998
FILLER_0_7_38,VPWR,li1,24.8400,29.9200,1.799998
FILLER_0_7_26,VPWR,li1,20.2400,29.9200,1.799998
FILLER_0_7_14,VPWR,li1,14.7200,29.9200,1.799998
FILLER_0_6_47,VPWR,li1,27.3700,29.9200,1.799998
FILLER_0_6_41,VPWR,li1,25.7600,29.9200,1.799998
FILLER_0_6_29,VPWR,li1,21.6200,29.9200,1.799998
FILLER_0_6_26,VPWR,li1,17.9400,29.9200,1.799998
FILLER_0_6_18,VPWR,li1,15.6400,29.9200,1.799998
FILLER_0_6_6,VPWR,li1,11.0400,29.9200,1.799998
FILLER_0_5_36,VPWR,li1,24.8400,24.4800,1.799996
FILLER_0_5_24,VPWR,li1,19.3200,24.4800,1.799996
FILLER_0_5_12,VPWR,li1,11.2700,24.4800,1.799997
FILLER_0_5_6,VPWR,li1,9.6600,24.4800,1.799997
FILLER_0_4_47,VPWR,li1,27.3700,24.4800,1.799996
FILLER_0_4_43,VPWR,li1,26.2200,24.4800,1.799996
FILLER_0_4_24,VPWR,li1,16.7900,24.4800,1.799996
FILLER_0_4_14,VPWR,li1,12.6500,24.4800,1.799997
FILLER_0_4_6,VPWR,li1,10.1200,24.4800,1.799997
FILLER_0_3_47,VPWR,li1,27.3700,19.0400,1.799999
FILLER_0_3_41,VPWR,li1,25.7600,19.0400,1.799999
FILLER_0_3_29,VPWR,li1,21.6200,19.0400,1.799999
FILLER_0_3_17,VPWR,li1,16.1000,19.0400,1.799999
FILLER_0_3_6,VPWR,li1,10.1200,19.0400,1.799999
FILLER_0_2_47,VPWR,li1,27.3700,19.0400,1.799999
FILLER_0_2_41,VPWR,li1,25.7600,19.0400,1.799999
FILLER_0_2_29,VPWR,li1,21.6200,19.0400,1.799999
FILLER_0_2_22,VPWR,li1,17.0200,19.0400,1.799999
FILLER_0_2_10,VPWR,li1,12.8800,19.0400,1.799999
FILLER_0_2_6,VPWR,li1,8.5100,19.0400,1.799999
FILLER_0_1_40,VPWR,li1,24.3800,13.6000,1.799998
FILLER_0_1_28,VPWR,li1,21.1600,13.6000,1.799998
FILLER_0_1_22,VPWR,li1,16.3300,13.6000,1.799998
FILLER_0_1_10,VPWR,li1,12.8800,13.6000,1.799998
FILLER_0_1_3,VPWR,li1,7.3600,13.6000,1.799998
FILLER_0_0_47,VPWR,li1,27.3700,13.6000,1.799998
FILLER_0_0_41,VPWR,li1,25.7600,13.6000,1.799998
FILLER_0_0_29,VPWR,li1,21.6200,13.6000,1.799998
FILLER_0_0_24,VPWR,li1,17.4800,13.6000,1.799998
FILLER_0_0_12,VPWR,li1,13.8000,13.6000,1.799998
output16,VPWR,li1,7.8200,29.9200,1.799997
output15,VPWR,li1,7.8200,35.3600,1.799998
output14,VPWR,li1,7.8200,35.3600,1.799998
output13,VPWR,li1,7.8200,40.8000,1.799997
output12,VPWR,li1,7.8200,40.8000,1.799997
output11,VPWR,li1,7.8200,46.2400,1.799995
output10,VPWR,li1,9.6600,46.2400,1.799996
output9,VPWR,li1,11.5000,46.2400,1.799996
input8,VPWR,li1,10.3500,13.6000,1.799998
input7,VPWR,li1,8.9700,13.6000,1.799998
input6,VPWR,li1,7.5900,13.6000,1.799998
input5,VPWR,li1,7.5900,19.0400,1.799998
input4,VPWR,li1,7.5900,19.0400,1.799998
input3,VPWR,li1,7.5900,24.4800,1.799997
input2,VPWR,li1,7.5900,24.4800,1.799997
input1,VPWR,li1,7.5900,29.9200,1.799997
TAP_TAPCELL_ROW_12_32,VPWR,li1,18.6300,45.9330,1.799996
TAP_TAPCELL_ROW_10_31,VPWR,li1,18.6300,40.4930,1.799997
TAP_TAPCELL_ROW_8_30,VPWR,li1,18.6300,35.0530,1.799998
TAP_TAPCELL_ROW_6_29,VPWR,li1,18.6300,29.6130,1.799998
TAP_TAPCELL_ROW_4_28,VPWR,li1,18.6300,24.1730,1.799996
TAP_TAPCELL_ROW_2_27,VPWR,li1,18.6300,18.7330,1.799999
TAP_TAPCELL_ROW_0_26,VPWR,li1,18.6300,13.2930,1.799998
PHY_EDGE_ROW_12_Left_25,VPWR,li1,6.2100,46.2400,1.799995
PHY_EDGE_ROW_11_Left_24,VPWR,li1,6.2100,40.8000,1.799997
PHY_EDGE_ROW_10_Left_23,VPWR,li1,6.2100,40.8000,1.799997
PHY_EDGE_ROW_9_Left_22,VPWR,li1,6.2100,35.3600,1.799998
PHY_EDGE_ROW_8_Left_21,VPWR,li1,6.2100,35.3600,1.799998
PHY_EDGE_ROW_7_Left_20,VPWR,li1,6.2100,29.9200,1.799997
PHY_EDGE_ROW_6_Left_19,VPWR,li1,6.2100,29.9200,1.799997
PHY_EDGE_ROW_5_Left_18,VPWR,li1,6.2100,24.4800,1.799997
PHY_EDGE_ROW_4_Left_17,VPWR,li1,6.2100,24.4800,1.799997
PHY_EDGE_ROW_3_Left_16,VPWR,li1,6.2100,19.0400,1.799998
PHY_EDGE_ROW_2_Left_15,VPWR,li1,6.2100,19.0400,1.799998
PHY_EDGE_ROW_1_Left_14,VPWR,li1,6.2100,13.6000,1.799998
PHY_EDGE_ROW_0_Left_13,VPWR,li1,6.2100,13.6000,1.799998
PHY_EDGE_ROW_12_Right_12,VPWR,li1,28.2900,46.2400,1.799996
PHY_EDGE_ROW_11_Right_11,VPWR,li1,28.2900,40.8000,1.799996
PHY_EDGE_ROW_10_Right_10,VPWR,li1,28.2900,40.8000,1.799996
PHY_EDGE_ROW_9_Right_9,VPWR,li1,28.2900,35.3600,1.799998
PHY_EDGE_ROW_8_Right_8,VPWR,li1,28.2900,35.3600,1.799998
PHY_EDGE_ROW_7_Right_7,VPWR,li1,28.2900,29.9200,1.799998
PHY_EDGE_ROW_6_Right_6,VPWR,li1,28.2900,29.9200,1.799998
PHY_EDGE_ROW_5_Right_5,VPWR,li1,28.2900,24.4800,1.799996
PHY_EDGE_ROW_4_Right_4,VPWR,li1,28.2900,24.4800,1.799996
PHY_EDGE_ROW_3_Right_3,VPWR,li1,28.2900,19.0400,1.799999
PHY_EDGE_ROW_2_Right_2,VPWR,li1,28.2900,19.0400,1.799999
PHY_EDGE_ROW_1_Right_1,VPWR,li1,28.2900,13.6000,1.799998
PHY_EDGE_ROW_0_Right_0,VPWR,li1,28.2900,13.6000,1.799998
_27_,VPWR,li1,17.7100,13.6000,1.799998
_26_,VPWR,li1,17.7100,24.4800,1.799996
_25_,VPWR,li1,15.4100,24.4800,1.799996
_24_,VPWR,li1,13.1100,40.8000,1.799997
_23_,VPWR,li1,26.9100,35.3600,1.799998
_22_,VPWR,li1,22.7700,40.8000,1.799997
_21_,VPWR,li1,21.6200,40.8000,1.799997
_20_,VPWR,li1,26.2200,13.6000,1.799998
_19_,VPWR,li1,20.4700,24.4800,1.799996
_18_,VPWR,li1,26.4500,40.8000,1.799996
_17_,VPWR,li1,8.9700,13.6000,1.799998
_16_,VPWR,li1,16.3300,35.3600,1.799998
_15_,VPWR,li1,9.4300,19.0400,1.799999
_14_,VPWR,li1,12.8800,24.4800,1.799997
_13_,VPWR,li1,23.6900,24.4800,1.799996
_12_,VPWR,li1,10.3500,29.9200,1.799998
_11_,VPWR,li1,14.9500,24.4800,1.799996
_10_,VPWR,li1,12.6500,19.0400,1.799999
