Instance,Terminal,Layer,X location,Y location,Voltage
FILLER_0_12_47,VGND,li1,27.3700,43.5200,0.000004
FILLER_0_12_41,VGND,li1,25.7600,43.5200,0.000004
FILLER_0_12_29,VGND,li1,21.6200,43.5200,0.000004
FILLER_0_12_27,VGND,li1,18.1700,43.5200,0.000004
FILLER_0_12_15,VGND,li1,15.1800,43.5200,0.000003
FILLER_0_11_46,VGND,li1,27.1400,43.5200,0.000004
FILLER_0_11_38,VGND,li1,24.8400,43.5200,0.000004
FILLER_0_11_31,VGND,li1,20.0100,43.5200,0.000004
FILLER_0_11_19,VGND,li1,17.0200,43.5200,0.000004
FILLER_0_11_7,VGND,li1,11.5000,43.5200,0.000004
FILLER_0_10_47,VGND,li1,27.3700,38.0800,0.000003
FILLER_0_10_40,VGND,li1,24.8400,38.0800,0.000003
FILLER_0_10_29,VGND,li1,20.2400,38.0800,0.000003
FILLER_0_10_20,VGND,li1,16.5600,38.0800,0.000002
FILLER_0_10_7,VGND,li1,10.1200,38.0800,0.000003
FILLER_0_9_37,VGND,li1,24.3800,38.0800,0.000003
FILLER_0_9_25,VGND,li1,19.7800,38.0800,0.000003
FILLER_0_9_19,VGND,li1,14.9500,38.0800,0.000002
FILLER_0_9_7,VGND,li1,11.5000,38.0800,0.000003
FILLER_0_8_47,VGND,li1,27.3700,32.6400,0.000002
FILLER_0_8_41,VGND,li1,25.7600,32.6400,0.000002
FILLER_0_8_29,VGND,li1,21.6200,32.6400,0.000002
FILLER_0_8_27,VGND,li1,18.1700,32.6400,0.000002
FILLER_0_8_19,VGND,li1,16.1000,32.6400,0.000002
FILLER_0_8_7,VGND,li1,11.5000,32.6400,0.000002
FILLER_0_7_46,VGND,li1,27.1400,32.6400,0.000002
FILLER_0_7_38,VGND,li1,24.8400,32.6400,0.000002
FILLER_0_7_26,VGND,li1,20.2400,32.6400,0.000002
FILLER_0_7_14,VGND,li1,14.7200,32.6400,0.000002
FILLER_0_6_47,VGND,li1,27.3700,27.2000,0.000001
FILLER_0_6_41,VGND,li1,25.7600,27.2000,0.000001
FILLER_0_6_29,VGND,li1,21.6200,27.2000,0.000001
FILLER_0_6_26,VGND,li1,17.9400,27.2000,0.000001
FILLER_0_6_18,VGND,li1,15.6400,27.2000,0.000001
FILLER_0_6_6,VGND,li1,11.0400,27.2000,0.000001
FILLER_0_5_36,VGND,li1,24.8400,27.2000,0.000001
FILLER_0_5_24,VGND,li1,19.3200,27.2000,0.000001
FILLER_0_5_12,VGND,li1,11.2700,27.2000,0.000001
FILLER_0_5_6,VGND,li1,9.6600,27.2000,0.000001
FILLER_0_4_47,VGND,li1,27.3700,21.7600,0.000003
FILLER_0_4_43,VGND,li1,26.2200,21.7600,0.000003
FILLER_0_4_24,VGND,li1,16.7900,21.7600,0.000003
FILLER_0_4_14,VGND,li1,12.6500,21.7600,0.000002
FILLER_0_4_6,VGND,li1,10.1200,21.7600,0.000002
FILLER_0_3_47,VGND,li1,27.3700,21.7600,0.000003
FILLER_0_3_41,VGND,li1,25.7600,21.7600,0.000003
FILLER_0_3_29,VGND,li1,21.6200,21.7600,0.000003
FILLER_0_3_17,VGND,li1,16.1000,21.7600,0.000002
FILLER_0_3_6,VGND,li1,10.1200,21.7600,0.000002
FILLER_0_2_47,VGND,li1,27.3700,16.3200,0.000002
FILLER_0_2_41,VGND,li1,25.7600,16.3200,0.000002
FILLER_0_2_29,VGND,li1,21.6200,16.3200,0.000002
FILLER_0_2_22,VGND,li1,17.0200,16.3200,0.000002
FILLER_0_2_10,VGND,li1,12.8800,16.3200,0.000002
FILLER_0_2_6,VGND,li1,8.5100,16.3200,0.000002
FILLER_0_1_40,VGND,li1,24.3800,16.3200,0.000002
FILLER_0_1_28,VGND,li1,21.1600,16.3200,0.000002
FILLER_0_1_22,VGND,li1,16.3300,16.3200,0.000002
FILLER_0_1_10,VGND,li1,12.8800,16.3200,0.000002
FILLER_0_1_3,VGND,li1,7.3600,16.3200,0.000002
FILLER_0_0_47,VGND,li1,27.3700,10.8800,0.000001
FILLER_0_0_41,VGND,li1,25.7600,10.8800,0.000001
FILLER_0_0_29,VGND,li1,21.6200,10.8800,0.000001
FILLER_0_0_24,VGND,li1,17.4800,10.8800,0.000001
FILLER_0_0_12,VGND,li1,13.8000,10.8800,0.000001
output16,VGND,li1,7.8200,32.6400,0.000003
output15,VGND,li1,7.8200,32.6400,0.000003
output14,VGND,li1,7.8200,38.0800,0.000003
output13,VGND,li1,7.8200,38.0800,0.000003
output12,VGND,li1,7.8200,43.5200,0.000005
output11,VGND,li1,7.8200,43.5200,0.000005
output10,VGND,li1,9.6600,43.5200,0.000005
output9,VGND,li1,11.5000,43.5200,0.000004
input8,VGND,li1,10.3500,10.8800,0.000002
input7,VGND,li1,8.9700,10.8800,0.000002
input6,VGND,li1,7.5900,10.8800,0.000002
input5,VGND,li1,7.5900,16.3200,0.000002
input4,VGND,li1,7.5900,21.7600,0.000002
input3,VGND,li1,7.5900,21.7600,0.000002
input2,VGND,li1,7.5900,27.2000,0.000001
input1,VGND,li1,7.5900,27.2000,0.000001
TAP_TAPCELL_ROW_12_32,VGND,li1,18.6300,43.8110,0.000004
TAP_TAPCELL_ROW_10_31,VGND,li1,18.6300,38.3710,0.000003
TAP_TAPCELL_ROW_8_30,VGND,li1,18.6300,32.9310,0.000002
TAP_TAPCELL_ROW_6_29,VGND,li1,18.6300,27.4910,0.000001
TAP_TAPCELL_ROW_4_28,VGND,li1,18.6300,22.0510,0.000003
TAP_TAPCELL_ROW_2_27,VGND,li1,18.6300,16.6110,0.000002
TAP_TAPCELL_ROW_0_26,VGND,li1,18.6300,11.1710,0.000001
PHY_EDGE_ROW_12_Left_25,VGND,li1,6.2100,43.5200,0.000005
PHY_EDGE_ROW_11_Left_24,VGND,li1,6.2100,43.5200,0.000005
PHY_EDGE_ROW_10_Left_23,VGND,li1,6.2100,38.0800,0.000003
PHY_EDGE_ROW_9_Left_22,VGND,li1,6.2100,38.0800,0.000003
PHY_EDGE_ROW_8_Left_21,VGND,li1,6.2100,32.6400,0.000003
PHY_EDGE_ROW_7_Left_20,VGND,li1,6.2100,32.6400,0.000003
PHY_EDGE_ROW_6_Left_19,VGND,li1,6.2100,27.2000,0.000001
PHY_EDGE_ROW_5_Left_18,VGND,li1,6.2100,27.2000,0.000001
PHY_EDGE_ROW_4_Left_17,VGND,li1,6.2100,21.7600,0.000002
PHY_EDGE_ROW_3_Left_16,VGND,li1,6.2100,21.7600,0.000002
PHY_EDGE_ROW_2_Left_15,VGND,li1,6.2100,16.3200,0.000002
PHY_EDGE_ROW_1_Left_14,VGND,li1,6.2100,16.3200,0.000002
PHY_EDGE_ROW_0_Left_13,VGND,li1,6.2100,10.8800,0.000002
PHY_EDGE_ROW_12_Right_12,VGND,li1,28.2900,43.5200,0.000004
PHY_EDGE_ROW_11_Right_11,VGND,li1,28.2900,43.5200,0.000004
PHY_EDGE_ROW_10_Right_10,VGND,li1,28.2900,38.0800,0.000003
PHY_EDGE_ROW_9_Right_9,VGND,li1,28.2900,38.0800,0.000003
PHY_EDGE_ROW_8_Right_8,VGND,li1,28.2900,32.6400,0.000002
PHY_EDGE_ROW_7_Right_7,VGND,li1,28.2900,32.6400,0.000002
PHY_EDGE_ROW_6_Right_6,VGND,li1,28.2900,27.2000,0.000001
PHY_EDGE_ROW_5_Right_5,VGND,li1,28.2900,27.2000,0.000001
PHY_EDGE_ROW_4_Right_4,VGND,li1,28.2900,21.7600,0.000003
PHY_EDGE_ROW_3_Right_3,VGND,li1,28.2900,21.7600,0.000003
PHY_EDGE_ROW_2_Right_2,VGND,li1,28.2900,16.3200,0.000002
PHY_EDGE_ROW_1_Right_1,VGND,li1,28.2900,16.3200,0.000002
PHY_EDGE_ROW_0_Right_0,VGND,li1,28.2900,10.8800,0.000001
_27_,VGND,li1,17.7100,16.3200,0.000002
_26_,VGND,li1,17.7100,21.7600,0.000003
_25_,VGND,li1,15.4100,27.2000,0.000001
_24_,VGND,li1,13.1100,38.0800,0.000002
_23_,VGND,li1,26.9100,38.0800,0.000003
_22_,VGND,li1,22.7700,38.0800,0.000003
_21_,VGND,li1,21.6200,43.5200,0.000004
_20_,VGND,li1,26.2200,16.3200,0.000002
_19_,VGND,li1,20.4700,21.7600,0.000003
_18_,VGND,li1,26.4500,38.0800,0.000003
_17_,VGND,li1,8.9700,16.3200,0.000002
_16_,VGND,li1,16.3300,38.0800,0.000002
_15_,VGND,li1,9.4300,16.3200,0.000002
_14_,VGND,li1,12.8800,27.2000,0.000001
_13_,VGND,li1,23.6900,21.7600,0.000003
_12_,VGND,li1,10.3500,32.6400,0.000002
_11_,VGND,li1,14.9500,21.7600,0.000002
_10_,VGND,li1,12.6500,21.7600,0.000002
