
===========================================================================
report_checks -unconstrained
===========================================================================
======================= Fastest Corner ===================================

Startpoint: a1[0] (input port clocked by __VIRTUAL_CLK__)
Endpoint: b1[6] (output port clocked by __VIRTUAL_CLK__)
Path Group: __VIRTUAL_CLK__
Path Type: max
Corner: Fastest

Fanout     Cap    Slew   Delay    Time   Description
-----------------------------------------------------------------------------
                  0.00    0.00    0.00   clock __VIRTUAL_CLK__ (rise edge)
                          0.00    0.00   clock network delay (ideal)
                          2.00    2.00 v input external delay
     1    0.00    0.00    0.00    2.00 v a1[0] (in)
                                         a1[0] (net)
                  0.00    0.00    2.00 v input1/A (sky130_fd_sc_hd__buf_1)
     5    0.02    0.07    0.09    2.09 v input1/X (sky130_fd_sc_hd__buf_1)
                                         net1 (net)
                  0.07    0.00    2.09 v _13_/B (sky130_fd_sc_hd__or4_2)
     5    0.02    0.10    0.44    2.54 v _13_/X (sky130_fd_sc_hd__or4_2)
                                         _02_ (net)
                  0.10    0.00    2.54 v _20_/D (sky130_fd_sc_hd__or4_1)
     2    0.01    0.09    0.30    2.83 v _20_/X (sky130_fd_sc_hd__or4_1)
                                         _06_ (net)
                  0.09    0.00    2.83 v _22_/A (sky130_fd_sc_hd__and2_1)
     1    0.00    0.03    0.11    2.94 v _22_/X (sky130_fd_sc_hd__and2_1)
                                         _08_ (net)
                  0.03    0.00    2.95 v _23_/A (sky130_fd_sc_hd__clkbuf_1)
     1    0.00    0.02    0.06    3.01 v _23_/X (sky130_fd_sc_hd__clkbuf_1)
                                         net15 (net)
                  0.02    0.00    3.01 v output15/A (sky130_fd_sc_hd__buf_2)
     1    0.03    0.06    0.12    3.13 v output15/X (sky130_fd_sc_hd__buf_2)
                                         b1[6] (net)
                  0.06    0.00    3.13 v b1[6] (out)
                                  3.13   data arrival time

                  0.00   10.00   10.00   clock __VIRTUAL_CLK__ (rise edge)
                          0.00   10.00   clock network delay (ideal)
                         -0.25    9.75   clock uncertainty
                          0.00    9.75   clock reconvergence pessimism
                         -2.00    7.75   output external delay
                                  7.75   data required time
-----------------------------------------------------------------------------
                                  7.75   data required time
                                 -3.13   data arrival time
-----------------------------------------------------------------------------
                                  4.62   slack (MET)



======================= Slowest Corner ===================================

Startpoint: a1[0] (input port clocked by __VIRTUAL_CLK__)
Endpoint: b1[6] (output port clocked by __VIRTUAL_CLK__)
Path Group: __VIRTUAL_CLK__
Path Type: max
Corner: Slowest

Fanout     Cap    Slew   Delay    Time   Description
-----------------------------------------------------------------------------
                  0.00    0.00    0.00   clock __VIRTUAL_CLK__ (rise edge)
                          0.00    0.00   clock network delay (ideal)
                          2.00    2.00 v input external delay
     1    0.00    0.02    0.01    2.01 v a1[0] (in)
                                         a1[0] (net)
                  0.02    0.00    2.01 v input1/A (sky130_fd_sc_hd__buf_1)
     5    0.02    0.19    0.26    2.27 v input1/X (sky130_fd_sc_hd__buf_1)
                                         net1 (net)
                  0.19    0.00    2.27 v _13_/B (sky130_fd_sc_hd__or4_2)
     5    0.02    0.32    1.84    4.11 v _13_/X (sky130_fd_sc_hd__or4_2)
                                         _02_ (net)
                  0.32    0.00    4.11 v _20_/D (sky130_fd_sc_hd__or4_1)
     2    0.01    0.27    1.24    5.36 v _20_/X (sky130_fd_sc_hd__or4_1)
                                         _06_ (net)
                  0.27    0.00    5.36 v _22_/A (sky130_fd_sc_hd__and2_1)
     1    0.00    0.07    0.39    5.75 v _22_/X (sky130_fd_sc_hd__and2_1)
                                         _08_ (net)
                  0.07    0.00    5.75 v _23_/A (sky130_fd_sc_hd__clkbuf_1)
     1    0.00    0.06    0.18    5.93 v _23_/X (sky130_fd_sc_hd__clkbuf_1)
                                         net15 (net)
                  0.06    0.00    5.93 v output15/A (sky130_fd_sc_hd__buf_2)
     1    0.03    0.17    0.36    6.29 v output15/X (sky130_fd_sc_hd__buf_2)
                                         b1[6] (net)
                  0.17    0.00    6.29 v b1[6] (out)
                                  6.29   data arrival time

                  0.00   10.00   10.00   clock __VIRTUAL_CLK__ (rise edge)
                          0.00   10.00   clock network delay (ideal)
                         -0.25    9.75   clock uncertainty
                          0.00    9.75   clock reconvergence pessimism
                         -2.00    7.75   output external delay
                                  7.75   data required time
-----------------------------------------------------------------------------
                                  7.75   data required time
                                 -6.29   data arrival time
-----------------------------------------------------------------------------
                                  1.46   slack (MET)



======================= Typical Corner ===================================

Startpoint: a1[0] (input port clocked by __VIRTUAL_CLK__)
Endpoint: b1[6] (output port clocked by __VIRTUAL_CLK__)
Path Group: __VIRTUAL_CLK__
Path Type: max
Corner: Typical

Fanout     Cap    Slew   Delay    Time   Description
-----------------------------------------------------------------------------
                  0.00    0.00    0.00   clock __VIRTUAL_CLK__ (rise edge)
                          0.00    0.00   clock network delay (ideal)
                          2.00    2.00 v input external delay
     1    0.00    0.01    0.00    2.00 v a1[0] (in)
                                         a1[0] (net)
                  0.01    0.00    2.00 v input1/A (sky130_fd_sc_hd__buf_1)
     5    0.02    0.10    0.14    2.14 v input1/X (sky130_fd_sc_hd__buf_1)
                                         net1 (net)
                  0.10    0.00    2.14 v _13_/B (sky130_fd_sc_hd__or4_2)
     5    0.02    0.15    0.78    2.92 v _13_/X (sky130_fd_sc_hd__or4_2)
                                         _02_ (net)
                  0.15    0.00    2.92 v _20_/D (sky130_fd_sc_hd__or4_1)
     2    0.01    0.13    0.52    3.44 v _20_/X (sky130_fd_sc_hd__or4_1)
                                         _06_ (net)
                  0.13    0.00    3.44 v _22_/A (sky130_fd_sc_hd__and2_1)
     1    0.00    0.03    0.18    3.62 v _22_/X (sky130_fd_sc_hd__and2_1)
                                         _08_ (net)
                  0.03    0.00    3.62 v _23_/A (sky130_fd_sc_hd__clkbuf_1)
     1    0.00    0.03    0.09    3.71 v _23_/X (sky130_fd_sc_hd__clkbuf_1)
                                         net15 (net)
                  0.03    0.00    3.71 v output15/A (sky130_fd_sc_hd__buf_2)
     1    0.03    0.09    0.18    3.90 v output15/X (sky130_fd_sc_hd__buf_2)
                                         b1[6] (net)
                  0.09    0.00    3.90 v b1[6] (out)
                                  3.90   data arrival time

                  0.00   10.00   10.00   clock __VIRTUAL_CLK__ (rise edge)
                          0.00   10.00   clock network delay (ideal)
                         -0.25    9.75   clock uncertainty
                          0.00    9.75   clock reconvergence pessimism
                         -2.00    7.75   output external delay
                                  7.75   data required time
-----------------------------------------------------------------------------
                                  7.75   data required time
                                 -3.90   data arrival time
-----------------------------------------------------------------------------
                                  3.85   slack (MET)




===========================================================================
report_checks --slack_max -0.01
============================================================================
======================= Fastest Corner ===================================

No paths found.

======================= Slowest Corner ===================================

No paths found.

======================= Typical Corner ===================================

No paths found.


===========================================================================
 report_check_types -max_slew -max_cap -max_fanout -violators
============================================================================
======================= Fastest Corner ===================================


max slew violations count Fastest: 0
max fanout violations count Fastest: 0
max cap violations count Fastest: 0
======================= Slowest Corner ===================================


max slew violations count Slowest: 0
max fanout violations count Slowest: 0
max cap violations count Slowest: 0
======================= Typical Corner ===================================


max slew violations count Typical: 0
max fanout violations count Typical: 0
max cap violations count Typical: 0

===========================================================================
report_parasitic_annotation -report_unannotated
============================================================================
Found 0 unannotated drivers.
Found 0 partially unannotated drivers.

===========================================================================
max slew violation count 0
max fanout violation count 0
max cap violation count 0
============================================================================

===========================================================================
check_setup -verbose -unconstrained_endpoints -multiple_clock -no_clock -no_input_delay -loops -generated_clocks
===========================================================================
