
===========================================================================
 report_power
============================================================================
======================= Fastest Corner ===================================

Group                  Internal  Switching    Leakage      Total
                          Power      Power      Power      Power (Watts)
----------------------------------------------------------------
Sequential             0.00e+00   0.00e+00   0.00e+00   0.00e+00   0.0%
Combinational          4.51e-06   1.10e-05   1.44e-10   1.55e-05 100.0%
Clock                  0.00e+00   0.00e+00   1.58e-10   1.58e-10   0.0%
Macro                  0.00e+00   0.00e+00   0.00e+00   0.00e+00   0.0%
Pad                    0.00e+00   0.00e+00   0.00e+00   0.00e+00   0.0%
----------------------------------------------------------------
Total                  4.51e-06   1.10e-05   3.01e-10   1.55e-05 100.0%
                          29.1%      70.9%       0.0%

======================= Slowest Corner ===================================

Group                  Internal  Switching    Leakage      Total
                          Power      Power      Power      Power (Watts)
----------------------------------------------------------------
Sequential             0.00e+00   0.00e+00   0.00e+00   0.00e+00   0.0%
Combinational          3.37e-06   7.32e-06   1.40e-07   1.08e-05 100.0%
Clock                  0.00e+00   0.00e+00   1.58e-10   1.58e-10   0.0%
Macro                  0.00e+00   0.00e+00   0.00e+00   0.00e+00   0.0%
Pad                    0.00e+00   0.00e+00   0.00e+00   0.00e+00   0.0%
----------------------------------------------------------------
Total                  3.37e-06   7.32e-06   1.40e-07   1.08e-05 100.0%
                          31.1%      67.6%       1.3%

======================= Typical Corner ===================================

Group                  Internal  Switching    Leakage      Total
                          Power      Power      Power      Power (Watts)
----------------------------------------------------------------
Sequential             0.00e+00   0.00e+00   0.00e+00   0.00e+00   0.0%
Combinational          4.07e-06   9.31e-06   7.61e-11   1.34e-05 100.0%
Clock                  0.00e+00   0.00e+00   1.58e-10   1.58e-10   0.0%
Macro                  0.00e+00   0.00e+00   0.00e+00   0.00e+00   0.0%
Pad                    0.00e+00   0.00e+00   0.00e+00   0.00e+00   0.0%
----------------------------------------------------------------
Total                  4.07e-06   9.31e-06   2.34e-10   1.34e-05 100.0%
                          30.4%      69.6%       0.0%

