
===========================================================================
report_checks -path_delay min (Hold)
============================================================================
======================= Fastest Corner ===================================

Startpoint: a1[7] (input port clocked by __VIRTUAL_CLK__)
Endpoint: b1[7] (output port clocked by __VIRTUAL_CLK__)
Path Group: __VIRTUAL_CLK__
Path Type: min
Corner: Fastest

Fanout     Cap    Slew   Delay    Time   Description
-----------------------------------------------------------------------------
                  0.00    0.00    0.00   clock __VIRTUAL_CLK__ (rise edge)
                          0.00    0.00   clock network delay (ideal)
                          2.00    2.00 ^ input external delay
     1    0.00    0.02    0.01    2.01 ^ a1[7] (in)
                                         a1[7] (net)
                  0.02    0.00    2.01 ^ input8/A (sky130_fd_sc_hd__buf_1)
     1    0.01    0.08    0.08    2.09 ^ input8/X (sky130_fd_sc_hd__buf_1)
                                         net8 (net)
                  0.08    0.00    2.09 ^ _24_/A (sky130_fd_sc_hd__xor2_1)
     1    0.00    0.03    0.04    2.13 v _24_/X (sky130_fd_sc_hd__xor2_1)
                                         net16 (net)
                  0.03    0.00    2.13 v output16/A (sky130_fd_sc_hd__buf_2)
     1    0.03    0.06    0.11    2.24 v output16/X (sky130_fd_sc_hd__buf_2)
                                         b1[7] (net)
                  0.06    0.00    2.24 v b1[7] (out)
                                  2.24   data arrival time

                  0.00    0.00    0.00   clock __VIRTUAL_CLK__ (rise edge)
                          0.00    0.00   clock network delay (ideal)
                          0.25    0.25   clock uncertainty
                          0.00    0.25   clock reconvergence pessimism
                         -2.00   -1.75   output external delay
                                 -1.75   data required time
-----------------------------------------------------------------------------
                                 -1.75   data required time
                                 -2.24   data arrival time
-----------------------------------------------------------------------------
                                  3.99   slack (MET)


Startpoint: a1[2] (input port clocked by __VIRTUAL_CLK__)
Endpoint: b1[2] (output port clocked by __VIRTUAL_CLK__)
Path Group: __VIRTUAL_CLK__
Path Type: min
Corner: Fastest

Fanout     Cap    Slew   Delay    Time   Description
-----------------------------------------------------------------------------
                  0.00    0.00    0.00   clock __VIRTUAL_CLK__ (rise edge)
                          0.00    0.00   clock network delay (ideal)
                          2.00    2.00 v input external delay
     1    0.00    0.00    0.00    2.00 v a1[2] (in)
                                         a1[2] (net)
                  0.00    0.00    2.00 v input3/A (sky130_fd_sc_hd__buf_1)
     3    0.01    0.05    0.07    2.07 v input3/X (sky130_fd_sc_hd__buf_1)
                                         net3 (net)
                  0.05    0.00    2.07 v _11_/A (sky130_fd_sc_hd__xnor2_1)
     1    0.01    0.03    0.09    2.16 v _11_/Y (sky130_fd_sc_hd__xnor2_1)
                                         net11 (net)
                  0.03    0.00    2.16 v output11/A (sky130_fd_sc_hd__buf_2)
     1    0.03    0.06    0.11    2.28 v output11/X (sky130_fd_sc_hd__buf_2)
                                         b1[2] (net)
                  0.06    0.00    2.28 v b1[2] (out)
                                  2.28   data arrival time

                  0.00    0.00    0.00   clock __VIRTUAL_CLK__ (rise edge)
                          0.00    0.00   clock network delay (ideal)
                          0.25    0.25   clock uncertainty
                          0.00    0.25   clock reconvergence pessimism
                         -2.00   -1.75   output external delay
                                 -1.75   data required time
-----------------------------------------------------------------------------
                                 -1.75   data required time
                                 -2.28   data arrival time
-----------------------------------------------------------------------------
                                  4.03   slack (MET)


Startpoint: a1[0] (input port clocked by __VIRTUAL_CLK__)
Endpoint: b1[0] (output port clocked by __VIRTUAL_CLK__)
Path Group: __VIRTUAL_CLK__
Path Type: min
Corner: Fastest

Fanout     Cap    Slew   Delay    Time   Description
-----------------------------------------------------------------------------
                  0.00    0.00    0.00   clock __VIRTUAL_CLK__ (rise edge)
                          0.00    0.00   clock network delay (ideal)
                          2.00    2.00 v input external delay
     1    0.00    0.00    0.00    2.00 v a1[0] (in)
                                         a1[0] (net)
                  0.00    0.00    2.00 v input1/A (sky130_fd_sc_hd__buf_1)
     5    0.02    0.07    0.08    2.09 v input1/X (sky130_fd_sc_hd__buf_1)
                                         net1 (net)
                  0.07    0.00    2.09 v _27_/A (sky130_fd_sc_hd__clkbuf_1)
     1    0.01    0.03    0.08    2.16 v _27_/X (sky130_fd_sc_hd__clkbuf_1)
                                         net9 (net)
                  0.03    0.00    2.16 v output9/A (sky130_fd_sc_hd__buf_2)
     1    0.03    0.06    0.11    2.28 v output9/X (sky130_fd_sc_hd__buf_2)
                                         b1[0] (net)
                  0.06    0.00    2.28 v b1[0] (out)
                                  2.28   data arrival time

                  0.00    0.00    0.00   clock __VIRTUAL_CLK__ (rise edge)
                          0.00    0.00   clock network delay (ideal)
                          0.25    0.25   clock uncertainty
                          0.00    0.25   clock reconvergence pessimism
                         -2.00   -1.75   output external delay
                                 -1.75   data required time
-----------------------------------------------------------------------------
                                 -1.75   data required time
                                 -2.28   data arrival time
-----------------------------------------------------------------------------
                                  4.03   slack (MET)


Startpoint: a1[5] (input port clocked by __VIRTUAL_CLK__)
Endpoint: b1[5] (output port clocked by __VIRTUAL_CLK__)
Path Group: __VIRTUAL_CLK__
Path Type: min
Corner: Fastest

Fanout     Cap    Slew   Delay    Time   Description
-----------------------------------------------------------------------------
                  0.00    0.00    0.00   clock __VIRTUAL_CLK__ (rise edge)
                          0.00    0.00   clock network delay (ideal)
                          2.00    2.00 v input external delay
     1    0.00    0.00    0.00    2.00 v a1[5] (in)
                                         a1[5] (net)
                  0.00    0.00    2.00 v input6/A (sky130_fd_sc_hd__buf_1)
     3    0.02    0.07    0.08    2.08 v input6/X (sky130_fd_sc_hd__buf_1)
                                         net6 (net)
                  0.07    0.00    2.09 v _19_/A (sky130_fd_sc_hd__xnor2_1)
     1    0.00    0.03    0.09    2.18 v _19_/Y (sky130_fd_sc_hd__xnor2_1)
                                         net14 (net)
                  0.03    0.00    2.18 v output14/A (sky130_fd_sc_hd__buf_2)
     1    0.03    0.06    0.11    2.29 v output14/X (sky130_fd_sc_hd__buf_2)
                                         b1[5] (net)
                  0.06    0.00    2.29 v b1[5] (out)
                                  2.29   data arrival time

                  0.00    0.00    0.00   clock __VIRTUAL_CLK__ (rise edge)
                          0.00    0.00   clock network delay (ideal)
                          0.25    0.25   clock uncertainty
                          0.00    0.25   clock reconvergence pessimism
                         -2.00   -1.75   output external delay
                                 -1.75   data required time
-----------------------------------------------------------------------------
                                 -1.75   data required time
                                 -2.29   data arrival time
-----------------------------------------------------------------------------
                                  4.04   slack (MET)


Startpoint: a1[1] (input port clocked by __VIRTUAL_CLK__)
Endpoint: b1[1] (output port clocked by __VIRTUAL_CLK__)
Path Group: __VIRTUAL_CLK__
Path Type: min
Corner: Fastest

Fanout     Cap    Slew   Delay    Time   Description
-----------------------------------------------------------------------------
                  0.00    0.00    0.00   clock __VIRTUAL_CLK__ (rise edge)
                          0.00    0.00   clock network delay (ideal)
                          2.00    2.00 ^ input external delay
     1    0.00    0.01    0.01    2.01 ^ a1[1] (in)
                                         a1[1] (net)
                  0.01    0.00    2.01 ^ input2/A (sky130_fd_sc_hd__buf_1)
     4    0.01    0.12    0.10    2.11 ^ input2/X (sky130_fd_sc_hd__buf_1)
                                         net2 (net)
                  0.12    0.00    2.11 ^ _25_/A (sky130_fd_sc_hd__and2_1)
     1    0.00    0.04    0.08    2.19 ^ _25_/X (sky130_fd_sc_hd__and2_1)
                                         _09_ (net)
                  0.04    0.00    2.19 ^ _26_/B (sky130_fd_sc_hd__nor2_1)
     1    0.01    0.02    0.03    2.22 v _26_/Y (sky130_fd_sc_hd__nor2_1)
                                         net10 (net)
                  0.02    0.00    2.22 v output10/A (sky130_fd_sc_hd__buf_2)
     1    0.03    0.06    0.11    2.33 v output10/X (sky130_fd_sc_hd__buf_2)
                                         b1[1] (net)
                  0.06    0.00    2.33 v b1[1] (out)
                                  2.33   data arrival time

                  0.00    0.00    0.00   clock __VIRTUAL_CLK__ (rise edge)
                          0.00    0.00   clock network delay (ideal)
                          0.25    0.25   clock uncertainty
                          0.00    0.25   clock reconvergence pessimism
                         -2.00   -1.75   output external delay
                                 -1.75   data required time
-----------------------------------------------------------------------------
                                 -1.75   data required time
                                 -2.33   data arrival time
-----------------------------------------------------------------------------
                                  4.08   slack (MET)


Startpoint: a1[6] (input port clocked by __VIRTUAL_CLK__)
Endpoint: b1[6] (output port clocked by __VIRTUAL_CLK__)
Path Group: __VIRTUAL_CLK__
Path Type: min
Corner: Fastest

Fanout     Cap    Slew   Delay    Time   Description
-----------------------------------------------------------------------------
                  0.00    0.00    0.00   clock __VIRTUAL_CLK__ (rise edge)
                          0.00    0.00   clock network delay (ideal)
                          2.00    2.00 v input external delay
     1    0.00    0.01    0.00    2.00 v a1[6] (in)
                                         a1[6] (net)
                  0.01    0.00    2.00 v input7/A (sky130_fd_sc_hd__buf_1)
     2    0.01    0.04    0.07    2.07 v input7/X (sky130_fd_sc_hd__buf_1)
                                         net7 (net)
                  0.04    0.00    2.07 v _21_/B1 (sky130_fd_sc_hd__o31ai_1)
     1    0.00    0.03    0.04    2.11 ^ _21_/Y (sky130_fd_sc_hd__o31ai_1)
                                         _07_ (net)
                  0.03    0.00    2.11 ^ _22_/B (sky130_fd_sc_hd__and2_1)
     1    0.00    0.03    0.07    2.18 ^ _22_/X (sky130_fd_sc_hd__and2_1)
                                         _08_ (net)
                  0.03    0.00    2.18 ^ _23_/A (sky130_fd_sc_hd__clkbuf_1)
     1    0.00    0.05    0.06    2.24 ^ _23_/X (sky130_fd_sc_hd__clkbuf_1)
                                         net15 (net)
                  0.05    0.00    2.24 ^ output15/A (sky130_fd_sc_hd__buf_2)
     1    0.03    0.13    0.13    2.37 ^ output15/X (sky130_fd_sc_hd__buf_2)
                                         b1[6] (net)
                  0.13    0.00    2.37 ^ b1[6] (out)
                                  2.37   data arrival time

                  0.00    0.00    0.00   clock __VIRTUAL_CLK__ (rise edge)
                          0.00    0.00   clock network delay (ideal)
                          0.25    0.25   clock uncertainty
                          0.00    0.25   clock reconvergence pessimism
                         -2.00   -1.75   output external delay
                                 -1.75   data required time
-----------------------------------------------------------------------------
                                 -1.75   data required time
                                 -2.37   data arrival time
-----------------------------------------------------------------------------
                                  4.12   slack (MET)


Startpoint: a1[4] (input port clocked by __VIRTUAL_CLK__)
Endpoint: b1[4] (output port clocked by __VIRTUAL_CLK__)
Path Group: __VIRTUAL_CLK__
Path Type: min
Corner: Fastest

Fanout     Cap    Slew   Delay    Time   Description
-----------------------------------------------------------------------------
                  0.00    0.00    0.00   clock __VIRTUAL_CLK__ (rise edge)
                          0.00    0.00   clock network delay (ideal)
                          2.00    2.00 v input external delay
     1    0.00    0.00    0.00    2.00 v a1[4] (in)
                                         a1[4] (net)
                  0.00    0.00    2.00 v input5/A (sky130_fd_sc_hd__buf_1)
     4    0.02    0.06    0.08    2.08 v input5/X (sky130_fd_sc_hd__buf_1)
                                         net5 (net)
                  0.06    0.00    2.08 v _16_/A (sky130_fd_sc_hd__nor2_1)
     2    0.01    0.16    0.15    2.23 ^ _16_/Y (sky130_fd_sc_hd__nor2_1)
                                         _04_ (net)
                  0.16    0.00    2.23 ^ _18_/A (sky130_fd_sc_hd__nor2_1)
     1    0.00    0.03    0.04    2.27 v _18_/Y (sky130_fd_sc_hd__nor2_1)
                                         net13 (net)
                  0.03    0.00    2.27 v output13/A (sky130_fd_sc_hd__buf_2)
     1    0.03    0.06    0.11    2.38 v output13/X (sky130_fd_sc_hd__buf_2)
                                         b1[4] (net)
                  0.06    0.00    2.38 v b1[4] (out)
                                  2.38   data arrival time

                  0.00    0.00    0.00   clock __VIRTUAL_CLK__ (rise edge)
                          0.00    0.00   clock network delay (ideal)
                          0.25    0.25   clock uncertainty
                          0.00    0.25   clock reconvergence pessimism
                         -2.00   -1.75   output external delay
                                 -1.75   data required time
-----------------------------------------------------------------------------
                                 -1.75   data required time
                                 -2.38   data arrival time
-----------------------------------------------------------------------------
                                  4.13   slack (MET)


Startpoint: a1[3] (input port clocked by __VIRTUAL_CLK__)
Endpoint: b1[3] (output port clocked by __VIRTUAL_CLK__)
Path Group: __VIRTUAL_CLK__
Path Type: min
Corner: Fastest

Fanout     Cap    Slew   Delay    Time   Description
-----------------------------------------------------------------------------
                  0.00    0.00    0.00   clock __VIRTUAL_CLK__ (rise edge)
                          0.00    0.00   clock network delay (ideal)
                          2.00    2.00 ^ input external delay
     1    0.00    0.01    0.01    2.01 ^ a1[3] (in)
                                         a1[3] (net)
                  0.01    0.00    2.01 ^ input4/A (sky130_fd_sc_hd__clkbuf_1)
     2    0.01    0.09    0.08    2.09 ^ input4/X (sky130_fd_sc_hd__clkbuf_1)
                                         net4 (net)
                  0.09    0.00    2.09 ^ _12_/B1 (sky130_fd_sc_hd__o31a_1)
     1    0.00    0.03    0.06    2.15 ^ _12_/X (sky130_fd_sc_hd__o31a_1)
                                         _01_ (net)
                  0.03    0.00    2.15 ^ _14_/A_N (sky130_fd_sc_hd__and2b_1)
     1    0.00    0.03    0.10    2.25 v _14_/X (sky130_fd_sc_hd__and2b_1)
                                         _03_ (net)
                  0.03    0.00    2.25 v _15_/A (sky130_fd_sc_hd__clkbuf_1)
     1    0.01    0.03    0.06    2.31 v _15_/X (sky130_fd_sc_hd__clkbuf_1)
                                         net12 (net)
                  0.03    0.00    2.31 v output12/A (sky130_fd_sc_hd__buf_2)
     1    0.03    0.06    0.11    2.42 v output12/X (sky130_fd_sc_hd__buf_2)
                                         b1[3] (net)
                  0.06    0.00    2.43 v b1[3] (out)
                                  2.43   data arrival time

                  0.00    0.00    0.00   clock __VIRTUAL_CLK__ (rise edge)
                          0.00    0.00   clock network delay (ideal)
                          0.25    0.25   clock uncertainty
                          0.00    0.25   clock reconvergence pessimism
                         -2.00   -1.75   output external delay
                                 -1.75   data required time
-----------------------------------------------------------------------------
                                 -1.75   data required time
                                 -2.43   data arrival time
-----------------------------------------------------------------------------
                                  4.18   slack (MET)



worst slack corner Fastest: 3.9937
======================= Slowest Corner ===================================

Startpoint: a1[7] (input port clocked by __VIRTUAL_CLK__)
Endpoint: b1[7] (output port clocked by __VIRTUAL_CLK__)
Path Group: __VIRTUAL_CLK__
Path Type: min
Corner: Slowest

Fanout     Cap    Slew   Delay    Time   Description
-----------------------------------------------------------------------------
                  0.00    0.00    0.00   clock __VIRTUAL_CLK__ (rise edge)
                          0.00    0.00   clock network delay (ideal)
                          2.00    2.00 ^ input external delay
     1    0.00    0.04    0.02    2.02 ^ a1[7] (in)
                                         a1[7] (net)
                  0.04    0.00    2.02 ^ input8/A (sky130_fd_sc_hd__buf_1)
     1    0.01    0.18    0.20    2.22 ^ input8/X (sky130_fd_sc_hd__buf_1)
                                         net8 (net)
                  0.18    0.00    2.22 ^ _24_/A (sky130_fd_sc_hd__xor2_1)
     1    0.00    0.07    0.17    2.39 v _24_/X (sky130_fd_sc_hd__xor2_1)
                                         net16 (net)
                  0.07    0.00    2.39 v output16/A (sky130_fd_sc_hd__buf_2)
     1    0.03    0.17    0.33    2.72 v output16/X (sky130_fd_sc_hd__buf_2)
                                         b1[7] (net)
                  0.17    0.00    2.72 v b1[7] (out)
                                  2.72   data arrival time

                  0.00    0.00    0.00   clock __VIRTUAL_CLK__ (rise edge)
                          0.00    0.00   clock network delay (ideal)
                          0.25    0.25   clock uncertainty
                          0.00    0.25   clock reconvergence pessimism
                         -2.00   -1.75   output external delay
                                 -1.75   data required time
-----------------------------------------------------------------------------
                                 -1.75   data required time
                                 -2.72   data arrival time
-----------------------------------------------------------------------------
                                  4.47   slack (MET)


Startpoint: a1[0] (input port clocked by __VIRTUAL_CLK__)
Endpoint: b1[0] (output port clocked by __VIRTUAL_CLK__)
Path Group: __VIRTUAL_CLK__
Path Type: min
Corner: Slowest

Fanout     Cap    Slew   Delay    Time   Description
-----------------------------------------------------------------------------
                  0.00    0.00    0.00   clock __VIRTUAL_CLK__ (rise edge)
                          0.00    0.00   clock network delay (ideal)
                          2.00    2.00 v input external delay
     1    0.00    0.02    0.01    2.01 v a1[0] (in)
                                         a1[0] (net)
                  0.02    0.00    2.01 v input1/A (sky130_fd_sc_hd__buf_1)
     5    0.02    0.19    0.24    2.24 v input1/X (sky130_fd_sc_hd__buf_1)
                                         net1 (net)
                  0.19    0.00    2.24 v _27_/A (sky130_fd_sc_hd__clkbuf_1)
     1    0.01    0.09    0.24    2.48 v _27_/X (sky130_fd_sc_hd__clkbuf_1)
                                         net9 (net)
                  0.09    0.00    2.48 v output9/A (sky130_fd_sc_hd__buf_2)
     1    0.03    0.17    0.34    2.82 v output9/X (sky130_fd_sc_hd__buf_2)
                                         b1[0] (net)
                  0.17    0.00    2.82 v b1[0] (out)
                                  2.82   data arrival time

                  0.00    0.00    0.00   clock __VIRTUAL_CLK__ (rise edge)
                          0.00    0.00   clock network delay (ideal)
                          0.25    0.25   clock uncertainty
                          0.00    0.25   clock reconvergence pessimism
                         -2.00   -1.75   output external delay
                                 -1.75   data required time
-----------------------------------------------------------------------------
                                 -1.75   data required time
                                 -2.82   data arrival time
-----------------------------------------------------------------------------
                                  4.57   slack (MET)


Startpoint: a1[2] (input port clocked by __VIRTUAL_CLK__)
Endpoint: b1[2] (output port clocked by __VIRTUAL_CLK__)
Path Group: __VIRTUAL_CLK__
Path Type: min
Corner: Slowest

Fanout     Cap    Slew   Delay    Time   Description
-----------------------------------------------------------------------------
                  0.00    0.00    0.00   clock __VIRTUAL_CLK__ (rise edge)
                          0.00    0.00   clock network delay (ideal)
                          2.00    2.00 v input external delay
     1    0.00    0.02    0.01    2.01 v a1[2] (in)
                                         a1[2] (net)
                  0.02    0.00    2.01 v input3/A (sky130_fd_sc_hd__buf_1)
     3    0.01    0.15    0.21    2.21 v input3/X (sky130_fd_sc_hd__buf_1)
                                         net3 (net)
                  0.15    0.00    2.21 v _11_/A (sky130_fd_sc_hd__xnor2_1)
     1    0.01    0.11    0.26    2.48 v _11_/Y (sky130_fd_sc_hd__xnor2_1)
                                         net11 (net)
                  0.11    0.00    2.48 v output11/A (sky130_fd_sc_hd__buf_2)
     1    0.03    0.17    0.35    2.82 v output11/X (sky130_fd_sc_hd__buf_2)
                                         b1[2] (net)
                  0.17    0.00    2.82 v b1[2] (out)
                                  2.82   data arrival time

                  0.00    0.00    0.00   clock __VIRTUAL_CLK__ (rise edge)
                          0.00    0.00   clock network delay (ideal)
                          0.25    0.25   clock uncertainty
                          0.00    0.25   clock reconvergence pessimism
                         -2.00   -1.75   output external delay
                                 -1.75   data required time
-----------------------------------------------------------------------------
                                 -1.75   data required time
                                 -2.82   data arrival time
-----------------------------------------------------------------------------
                                  4.57   slack (MET)


Startpoint: a1[5] (input port clocked by __VIRTUAL_CLK__)
Endpoint: b1[5] (output port clocked by __VIRTUAL_CLK__)
Path Group: __VIRTUAL_CLK__
Path Type: min
Corner: Slowest

Fanout     Cap    Slew   Delay    Time   Description
-----------------------------------------------------------------------------
                  0.00    0.00    0.00   clock __VIRTUAL_CLK__ (rise edge)
                          0.00    0.00   clock network delay (ideal)
                          2.00    2.00 v input external delay
     1    0.00    0.02    0.01    2.01 v a1[5] (in)
                                         a1[5] (net)
                  0.02    0.00    2.01 v input6/A (sky130_fd_sc_hd__buf_1)
     3    0.02    0.19    0.23    2.24 v input6/X (sky130_fd_sc_hd__buf_1)
                                         net6 (net)
                  0.19    0.00    2.24 v _19_/A (sky130_fd_sc_hd__xnor2_1)
     1    0.00    0.10    0.27    2.52 v _19_/Y (sky130_fd_sc_hd__xnor2_1)
                                         net14 (net)
                  0.10    0.00    2.52 v output14/A (sky130_fd_sc_hd__buf_2)
     1    0.03    0.17    0.34    2.86 v output14/X (sky130_fd_sc_hd__buf_2)
                                         b1[5] (net)
                  0.17    0.00    2.86 v b1[5] (out)
                                  2.86   data arrival time

                  0.00    0.00    0.00   clock __VIRTUAL_CLK__ (rise edge)
                          0.00    0.00   clock network delay (ideal)
                          0.25    0.25   clock uncertainty
                          0.00    0.25   clock reconvergence pessimism
                         -2.00   -1.75   output external delay
                                 -1.75   data required time
-----------------------------------------------------------------------------
                                 -1.75   data required time
                                 -2.86   data arrival time
-----------------------------------------------------------------------------
                                  4.61   slack (MET)


Startpoint: a1[1] (input port clocked by __VIRTUAL_CLK__)
Endpoint: b1[1] (output port clocked by __VIRTUAL_CLK__)
Path Group: __VIRTUAL_CLK__
Path Type: min
Corner: Slowest

Fanout     Cap    Slew   Delay    Time   Description
-----------------------------------------------------------------------------
                  0.00    0.00    0.00   clock __VIRTUAL_CLK__ (rise edge)
                          0.00    0.00   clock network delay (ideal)
                          2.00    2.00 ^ input external delay
     1    0.00    0.03    0.02    2.02 ^ a1[1] (in)
                                         a1[1] (net)
                  0.03    0.00    2.02 ^ input2/A (sky130_fd_sc_hd__buf_1)
     4    0.01    0.25    0.25    2.27 ^ input2/X (sky130_fd_sc_hd__buf_1)
                                         net2 (net)
                  0.25    0.00    2.27 ^ _25_/A (sky130_fd_sc_hd__and2_1)
     1    0.00    0.08    0.28    2.54 ^ _25_/X (sky130_fd_sc_hd__and2_1)
                                         _09_ (net)
                  0.08    0.00    2.54 ^ _26_/B (sky130_fd_sc_hd__nor2_1)
     1    0.01    0.06    0.09    2.63 v _26_/Y (sky130_fd_sc_hd__nor2_1)
                                         net10 (net)
                  0.06    0.00    2.63 v output10/A (sky130_fd_sc_hd__buf_2)
     1    0.03    0.17    0.32    2.96 v output10/X (sky130_fd_sc_hd__buf_2)
                                         b1[1] (net)
                  0.17    0.00    2.96 v b1[1] (out)
                                  2.96   data arrival time

                  0.00    0.00    0.00   clock __VIRTUAL_CLK__ (rise edge)
                          0.00    0.00   clock network delay (ideal)
                          0.25    0.25   clock uncertainty
                          0.00    0.25   clock reconvergence pessimism
                         -2.00   -1.75   output external delay
                                 -1.75   data required time
-----------------------------------------------------------------------------
                                 -1.75   data required time
                                 -2.96   data arrival time
-----------------------------------------------------------------------------
                                  4.71   slack (MET)


Startpoint: a1[6] (input port clocked by __VIRTUAL_CLK__)
Endpoint: b1[6] (output port clocked by __VIRTUAL_CLK__)
Path Group: __VIRTUAL_CLK__
Path Type: min
Corner: Slowest

Fanout     Cap    Slew   Delay    Time   Description
-----------------------------------------------------------------------------
                  0.00    0.00    0.00   clock __VIRTUAL_CLK__ (rise edge)
                          0.00    0.00   clock network delay (ideal)
                          2.00    2.00 v input external delay
     1    0.00    0.02    0.01    2.01 v a1[6] (in)
                                         a1[6] (net)
                  0.02    0.00    2.01 v input7/A (sky130_fd_sc_hd__buf_1)
     2    0.01    0.13    0.19    2.20 v input7/X (sky130_fd_sc_hd__buf_1)
                                         net7 (net)
                  0.13    0.00    2.20 v _21_/B1 (sky130_fd_sc_hd__o31ai_1)
     1    0.00    0.08    0.11    2.31 ^ _21_/Y (sky130_fd_sc_hd__o31ai_1)
                                         _07_ (net)
                  0.08    0.00    2.31 ^ _22_/B (sky130_fd_sc_hd__and2_1)
     1    0.00    0.08    0.22    2.53 ^ _22_/X (sky130_fd_sc_hd__and2_1)
                                         _08_ (net)
                  0.08    0.00    2.53 ^ _23_/A (sky130_fd_sc_hd__clkbuf_1)
     1    0.00    0.10    0.17    2.69 ^ _23_/X (sky130_fd_sc_hd__clkbuf_1)
                                         net15 (net)
                  0.10    0.00    2.69 ^ output15/A (sky130_fd_sc_hd__buf_2)
     1    0.03    0.27    0.34    3.03 ^ output15/X (sky130_fd_sc_hd__buf_2)
                                         b1[6] (net)
                  0.27    0.00    3.03 ^ b1[6] (out)
                                  3.03   data arrival time

                  0.00    0.00    0.00   clock __VIRTUAL_CLK__ (rise edge)
                          0.00    0.00   clock network delay (ideal)
                          0.25    0.25   clock uncertainty
                          0.00    0.25   clock reconvergence pessimism
                         -2.00   -1.75   output external delay
                                 -1.75   data required time
-----------------------------------------------------------------------------
                                 -1.75   data required time
                                 -3.03   data arrival time
-----------------------------------------------------------------------------
                                  4.78   slack (MET)


Startpoint: a1[4] (input port clocked by __VIRTUAL_CLK__)
Endpoint: b1[4] (output port clocked by __VIRTUAL_CLK__)
Path Group: __VIRTUAL_CLK__
Path Type: min
Corner: Slowest

Fanout     Cap    Slew   Delay    Time   Description
-----------------------------------------------------------------------------
                  0.00    0.00    0.00   clock __VIRTUAL_CLK__ (rise edge)
                          0.00    0.00   clock network delay (ideal)
                          2.00    2.00 ^ input external delay
     1    0.00    0.03    0.02    2.02 ^ a1[4] (in)
                                         a1[4] (net)
                  0.03    0.00    2.02 ^ input5/A (sky130_fd_sc_hd__buf_1)
     4    0.02    0.31    0.29    2.30 ^ input5/X (sky130_fd_sc_hd__buf_1)
                                         net5 (net)
                  0.31    0.00    2.30 ^ _17_/A (sky130_fd_sc_hd__and2_1)
     1    0.01    0.16    0.36    2.66 ^ _17_/X (sky130_fd_sc_hd__and2_1)
                                         _05_ (net)
                  0.16    0.00    2.66 ^ _18_/B (sky130_fd_sc_hd__nor2_1)
     1    0.00    0.06    0.11    2.77 v _18_/Y (sky130_fd_sc_hd__nor2_1)
                                         net13 (net)
                  0.06    0.00    2.77 v output13/A (sky130_fd_sc_hd__buf_2)
     1    0.03    0.17    0.32    3.09 v output13/X (sky130_fd_sc_hd__buf_2)
                                         b1[4] (net)
                  0.17    0.00    3.10 v b1[4] (out)
                                  3.10   data arrival time

                  0.00    0.00    0.00   clock __VIRTUAL_CLK__ (rise edge)
                          0.00    0.00   clock network delay (ideal)
                          0.25    0.25   clock uncertainty
                          0.00    0.25   clock reconvergence pessimism
                         -2.00   -1.75   output external delay
                                 -1.75   data required time
-----------------------------------------------------------------------------
                                 -1.75   data required time
                                 -3.10   data arrival time
-----------------------------------------------------------------------------
                                  4.85   slack (MET)


Startpoint: a1[3] (input port clocked by __VIRTUAL_CLK__)
Endpoint: b1[3] (output port clocked by __VIRTUAL_CLK__)
Path Group: __VIRTUAL_CLK__
Path Type: min
Corner: Slowest

Fanout     Cap    Slew   Delay    Time   Description
-----------------------------------------------------------------------------
                  0.00    0.00    0.00   clock __VIRTUAL_CLK__ (rise edge)
                          0.00    0.00   clock network delay (ideal)
                          2.00    2.00 v input external delay
     1    0.00    0.02    0.01    2.01 v a1[3] (in)
                                         a1[3] (net)
                  0.02    0.00    2.01 v input4/A (sky130_fd_sc_hd__clkbuf_1)
     2    0.01    0.11    0.18    2.19 v input4/X (sky130_fd_sc_hd__clkbuf_1)
                                         net4 (net)
                  0.11    0.00    2.19 v _12_/B1 (sky130_fd_sc_hd__o31a_1)
     1    0.00    0.06    0.19    2.38 v _12_/X (sky130_fd_sc_hd__o31a_1)
                                         _01_ (net)
                  0.06    0.00    2.38 v _14_/A_N (sky130_fd_sc_hd__and2b_1)
     1    0.00    0.08    0.35    2.73 ^ _14_/X (sky130_fd_sc_hd__and2b_1)
                                         _03_ (net)
                  0.08    0.00    2.73 ^ _15_/A (sky130_fd_sc_hd__clkbuf_1)
     1    0.01    0.12    0.18    2.91 ^ _15_/X (sky130_fd_sc_hd__clkbuf_1)
                                         net12 (net)
                  0.12    0.00    2.91 ^ output12/A (sky130_fd_sc_hd__buf_2)
     1    0.03    0.27    0.35    3.26 ^ output12/X (sky130_fd_sc_hd__buf_2)
                                         b1[3] (net)
                  0.27    0.00    3.26 ^ b1[3] (out)
                                  3.26   data arrival time

                  0.00    0.00    0.00   clock __VIRTUAL_CLK__ (rise edge)
                          0.00    0.00   clock network delay (ideal)
                          0.25    0.25   clock uncertainty
                          0.00    0.25   clock reconvergence pessimism
                         -2.00   -1.75   output external delay
                                 -1.75   data required time
-----------------------------------------------------------------------------
                                 -1.75   data required time
                                 -3.26   data arrival time
-----------------------------------------------------------------------------
                                  5.01   slack (MET)



worst slack corner Slowest: 4.4684
======================= Typical Corner ===================================

Startpoint: a1[7] (input port clocked by __VIRTUAL_CLK__)
Endpoint: b1[7] (output port clocked by __VIRTUAL_CLK__)
Path Group: __VIRTUAL_CLK__
Path Type: min
Corner: Typical

Fanout     Cap    Slew   Delay    Time   Description
-----------------------------------------------------------------------------
                  0.00    0.00    0.00   clock __VIRTUAL_CLK__ (rise edge)
                          0.00    0.00   clock network delay (ideal)
                          2.00    2.00 ^ input external delay
     1    0.00    0.02    0.01    2.01 ^ a1[7] (in)
                                         a1[7] (net)
                  0.02    0.00    2.01 ^ input8/A (sky130_fd_sc_hd__buf_1)
     1    0.01    0.11    0.11    2.13 ^ input8/X (sky130_fd_sc_hd__buf_1)
                                         net8 (net)
                  0.11    0.00    2.13 ^ _24_/A (sky130_fd_sc_hd__xor2_1)
     1    0.00    0.04    0.08    2.20 v _24_/X (sky130_fd_sc_hd__xor2_1)
                                         net16 (net)
                  0.04    0.00    2.20 v output16/A (sky130_fd_sc_hd__buf_2)
     1    0.03    0.09    0.17    2.37 v output16/X (sky130_fd_sc_hd__buf_2)
                                         b1[7] (net)
                  0.09    0.00    2.37 v b1[7] (out)
                                  2.37   data arrival time

                  0.00    0.00    0.00   clock __VIRTUAL_CLK__ (rise edge)
                          0.00    0.00   clock network delay (ideal)
                          0.25    0.25   clock uncertainty
                          0.00    0.25   clock reconvergence pessimism
                         -2.00   -1.75   output external delay
                                 -1.75   data required time
-----------------------------------------------------------------------------
                                 -1.75   data required time
                                 -2.37   data arrival time
-----------------------------------------------------------------------------
                                  4.12   slack (MET)


Startpoint: a1[0] (input port clocked by __VIRTUAL_CLK__)
Endpoint: b1[0] (output port clocked by __VIRTUAL_CLK__)
Path Group: __VIRTUAL_CLK__
Path Type: min
Corner: Typical

Fanout     Cap    Slew   Delay    Time   Description
-----------------------------------------------------------------------------
                  0.00    0.00    0.00   clock __VIRTUAL_CLK__ (rise edge)
                          0.00    0.00   clock network delay (ideal)
                          2.00    2.00 v input external delay
     1    0.00    0.01    0.00    2.00 v a1[0] (in)
                                         a1[0] (net)
                  0.01    0.00    2.00 v input1/A (sky130_fd_sc_hd__buf_1)
     5    0.02    0.10    0.12    2.13 v input1/X (sky130_fd_sc_hd__buf_1)
                                         net1 (net)
                  0.10    0.00    2.13 v _27_/A (sky130_fd_sc_hd__clkbuf_1)
     1    0.01    0.05    0.12    2.25 v _27_/X (sky130_fd_sc_hd__clkbuf_1)
                                         net9 (net)
                  0.05    0.00    2.25 v output9/A (sky130_fd_sc_hd__buf_2)
     1    0.03    0.09    0.17    2.42 v output9/X (sky130_fd_sc_hd__buf_2)
                                         b1[0] (net)
                  0.09    0.00    2.42 v b1[0] (out)
                                  2.42   data arrival time

                  0.00    0.00    0.00   clock __VIRTUAL_CLK__ (rise edge)
                          0.00    0.00   clock network delay (ideal)
                          0.25    0.25   clock uncertainty
                          0.00    0.25   clock reconvergence pessimism
                         -2.00   -1.75   output external delay
                                 -1.75   data required time
-----------------------------------------------------------------------------
                                 -1.75   data required time
                                 -2.42   data arrival time
-----------------------------------------------------------------------------
                                  4.17   slack (MET)


Startpoint: a1[2] (input port clocked by __VIRTUAL_CLK__)
Endpoint: b1[2] (output port clocked by __VIRTUAL_CLK__)
Path Group: __VIRTUAL_CLK__
Path Type: min
Corner: Typical

Fanout     Cap    Slew   Delay    Time   Description
-----------------------------------------------------------------------------
                  0.00    0.00    0.00   clock __VIRTUAL_CLK__ (rise edge)
                          0.00    0.00   clock network delay (ideal)
                          2.00    2.00 v input external delay
     1    0.00    0.01    0.00    2.00 v a1[2] (in)
                                         a1[2] (net)
                  0.01    0.00    2.00 v input3/A (sky130_fd_sc_hd__buf_1)
     3    0.01    0.08    0.11    2.11 v input3/X (sky130_fd_sc_hd__buf_1)
                                         net3 (net)
                  0.08    0.00    2.11 v _11_/A (sky130_fd_sc_hd__xnor2_1)
     1    0.01    0.05    0.14    2.25 v _11_/Y (sky130_fd_sc_hd__xnor2_1)
                                         net11 (net)
                  0.05    0.00    2.25 v output11/A (sky130_fd_sc_hd__buf_2)
     1    0.03    0.09    0.17    2.43 v output11/X (sky130_fd_sc_hd__buf_2)
                                         b1[2] (net)
                  0.09    0.00    2.43 v b1[2] (out)
                                  2.43   data arrival time

                  0.00    0.00    0.00   clock __VIRTUAL_CLK__ (rise edge)
                          0.00    0.00   clock network delay (ideal)
                          0.25    0.25   clock uncertainty
                          0.00    0.25   clock reconvergence pessimism
                         -2.00   -1.75   output external delay
                                 -1.75   data required time
-----------------------------------------------------------------------------
                                 -1.75   data required time
                                 -2.43   data arrival time
-----------------------------------------------------------------------------
                                  4.18   slack (MET)


Startpoint: a1[5] (input port clocked by __VIRTUAL_CLK__)
Endpoint: b1[5] (output port clocked by __VIRTUAL_CLK__)
Path Group: __VIRTUAL_CLK__
Path Type: min
Corner: Typical

Fanout     Cap    Slew   Delay    Time   Description
-----------------------------------------------------------------------------
                  0.00    0.00    0.00   clock __VIRTUAL_CLK__ (rise edge)
                          0.00    0.00   clock network delay (ideal)
                          2.00    2.00 v input external delay
     1    0.00    0.01    0.00    2.00 v a1[5] (in)
                                         a1[5] (net)
                  0.01    0.00    2.00 v input6/A (sky130_fd_sc_hd__buf_1)
     3    0.02    0.10    0.12    2.13 v input6/X (sky130_fd_sc_hd__buf_1)
                                         net6 (net)
                  0.10    0.00    2.13 v _19_/A (sky130_fd_sc_hd__xnor2_1)
     1    0.00    0.05    0.15    2.27 v _19_/Y (sky130_fd_sc_hd__xnor2_1)
                                         net14 (net)
                  0.05    0.00    2.27 v output14/A (sky130_fd_sc_hd__buf_2)
     1    0.03    0.09    0.17    2.45 v output14/X (sky130_fd_sc_hd__buf_2)
                                         b1[5] (net)
                  0.09    0.00    2.45 v b1[5] (out)
                                  2.45   data arrival time

                  0.00    0.00    0.00   clock __VIRTUAL_CLK__ (rise edge)
                          0.00    0.00   clock network delay (ideal)
                          0.25    0.25   clock uncertainty
                          0.00    0.25   clock reconvergence pessimism
                         -2.00   -1.75   output external delay
                                 -1.75   data required time
-----------------------------------------------------------------------------
                                 -1.75   data required time
                                 -2.45   data arrival time
-----------------------------------------------------------------------------
                                  4.20   slack (MET)


Startpoint: a1[1] (input port clocked by __VIRTUAL_CLK__)
Endpoint: b1[1] (output port clocked by __VIRTUAL_CLK__)
Path Group: __VIRTUAL_CLK__
Path Type: min
Corner: Typical

Fanout     Cap    Slew   Delay    Time   Description
-----------------------------------------------------------------------------
                  0.00    0.00    0.00   clock __VIRTUAL_CLK__ (rise edge)
                          0.00    0.00   clock network delay (ideal)
                          2.00    2.00 ^ input external delay
     1    0.00    0.02    0.01    2.01 ^ a1[1] (in)
                                         a1[1] (net)
                  0.02    0.00    2.01 ^ input2/A (sky130_fd_sc_hd__buf_1)
     4    0.01    0.16    0.14    2.16 ^ input2/X (sky130_fd_sc_hd__buf_1)
                                         net2 (net)
                  0.16    0.00    2.16 ^ _25_/A (sky130_fd_sc_hd__and2_1)
     1    0.00    0.05    0.14    2.29 ^ _25_/X (sky130_fd_sc_hd__and2_1)
                                         _09_ (net)
                  0.05    0.00    2.29 ^ _26_/B (sky130_fd_sc_hd__nor2_1)
     1    0.01    0.03    0.05    2.34 v _26_/Y (sky130_fd_sc_hd__nor2_1)
                                         net10 (net)
                  0.03    0.00    2.34 v output10/A (sky130_fd_sc_hd__buf_2)
     1    0.03    0.09    0.17    2.51 v output10/X (sky130_fd_sc_hd__buf_2)
                                         b1[1] (net)
                  0.09    0.00    2.51 v b1[1] (out)
                                  2.51   data arrival time

                  0.00    0.00    0.00   clock __VIRTUAL_CLK__ (rise edge)
                          0.00    0.00   clock network delay (ideal)
                          0.25    0.25   clock uncertainty
                          0.00    0.25   clock reconvergence pessimism
                         -2.00   -1.75   output external delay
                                 -1.75   data required time
-----------------------------------------------------------------------------
                                 -1.75   data required time
                                 -2.51   data arrival time
-----------------------------------------------------------------------------
                                  4.26   slack (MET)


Startpoint: a1[6] (input port clocked by __VIRTUAL_CLK__)
Endpoint: b1[6] (output port clocked by __VIRTUAL_CLK__)
Path Group: __VIRTUAL_CLK__
Path Type: min
Corner: Typical

Fanout     Cap    Slew   Delay    Time   Description
-----------------------------------------------------------------------------
                  0.00    0.00    0.00   clock __VIRTUAL_CLK__ (rise edge)
                          0.00    0.00   clock network delay (ideal)
                          2.00    2.00 v input external delay
     1    0.00    0.01    0.00    2.00 v a1[6] (in)
                                         a1[6] (net)
                  0.01    0.00    2.00 v input7/A (sky130_fd_sc_hd__buf_1)
     2    0.01    0.07    0.10    2.11 v input7/X (sky130_fd_sc_hd__buf_1)
                                         net7 (net)
                  0.07    0.00    2.11 v _21_/B1 (sky130_fd_sc_hd__o31ai_1)
     1    0.00    0.05    0.06    2.17 ^ _21_/Y (sky130_fd_sc_hd__o31ai_1)
                                         _07_ (net)
                  0.05    0.00    2.17 ^ _22_/B (sky130_fd_sc_hd__and2_1)
     1    0.00    0.05    0.11    2.28 ^ _22_/X (sky130_fd_sc_hd__and2_1)
                                         _08_ (net)
                  0.05    0.00    2.28 ^ _23_/A (sky130_fd_sc_hd__clkbuf_1)
     1    0.00    0.06    0.09    2.37 ^ _23_/X (sky130_fd_sc_hd__clkbuf_1)
                                         net15 (net)
                  0.06    0.00    2.37 ^ output15/A (sky130_fd_sc_hd__buf_2)
     1    0.03    0.17    0.19    2.56 ^ output15/X (sky130_fd_sc_hd__buf_2)
                                         b1[6] (net)
                  0.17    0.00    2.56 ^ b1[6] (out)
                                  2.56   data arrival time

                  0.00    0.00    0.00   clock __VIRTUAL_CLK__ (rise edge)
                          0.00    0.00   clock network delay (ideal)
                          0.25    0.25   clock uncertainty
                          0.00    0.25   clock reconvergence pessimism
                         -2.00   -1.75   output external delay
                                 -1.75   data required time
-----------------------------------------------------------------------------
                                 -1.75   data required time
                                 -2.56   data arrival time
-----------------------------------------------------------------------------
                                  4.31   slack (MET)


Startpoint: a1[4] (input port clocked by __VIRTUAL_CLK__)
Endpoint: b1[4] (output port clocked by __VIRTUAL_CLK__)
Path Group: __VIRTUAL_CLK__
Path Type: min
Corner: Typical

Fanout     Cap    Slew   Delay    Time   Description
-----------------------------------------------------------------------------
                  0.00    0.00    0.00   clock __VIRTUAL_CLK__ (rise edge)
                          0.00    0.00   clock network delay (ideal)
                          2.00    2.00 ^ input external delay
     1    0.00    0.02    0.01    2.01 ^ a1[4] (in)
                                         a1[4] (net)
                  0.02    0.00    2.01 ^ input5/A (sky130_fd_sc_hd__buf_1)
     4    0.02    0.19    0.17    2.18 ^ input5/X (sky130_fd_sc_hd__buf_1)
                                         net5 (net)
                  0.19    0.00    2.18 ^ _17_/A (sky130_fd_sc_hd__and2_1)
     1    0.01    0.10    0.18    2.36 ^ _17_/X (sky130_fd_sc_hd__and2_1)
                                         _05_ (net)
                  0.10    0.00    2.36 ^ _18_/B (sky130_fd_sc_hd__nor2_1)
     1    0.00    0.04    0.05    2.41 v _18_/Y (sky130_fd_sc_hd__nor2_1)
                                         net13 (net)
                  0.04    0.00    2.41 v output13/A (sky130_fd_sc_hd__buf_2)
     1    0.03    0.09    0.17    2.58 v output13/X (sky130_fd_sc_hd__buf_2)
                                         b1[4] (net)
                  0.09    0.00    2.58 v b1[4] (out)
                                  2.58   data arrival time

                  0.00    0.00    0.00   clock __VIRTUAL_CLK__ (rise edge)
                          0.00    0.00   clock network delay (ideal)
                          0.25    0.25   clock uncertainty
                          0.00    0.25   clock reconvergence pessimism
                         -2.00   -1.75   output external delay
                                 -1.75   data required time
-----------------------------------------------------------------------------
                                 -1.75   data required time
                                 -2.58   data arrival time
-----------------------------------------------------------------------------
                                  4.33   slack (MET)


Startpoint: a1[3] (input port clocked by __VIRTUAL_CLK__)
Endpoint: b1[3] (output port clocked by __VIRTUAL_CLK__)
Path Group: __VIRTUAL_CLK__
Path Type: min
Corner: Typical

Fanout     Cap    Slew   Delay    Time   Description
-----------------------------------------------------------------------------
                  0.00    0.00    0.00   clock __VIRTUAL_CLK__ (rise edge)
                          0.00    0.00   clock network delay (ideal)
                          2.00    2.00 v input external delay
     1    0.00    0.01    0.00    2.00 v a1[3] (in)
                                         a1[3] (net)
                  0.01    0.00    2.00 v input4/A (sky130_fd_sc_hd__clkbuf_1)
     2    0.01    0.06    0.09    2.10 v input4/X (sky130_fd_sc_hd__clkbuf_1)
                                         net4 (net)
                  0.06    0.00    2.10 v _12_/B1 (sky130_fd_sc_hd__o31a_1)
     1    0.00    0.03    0.10    2.20 v _12_/X (sky130_fd_sc_hd__o31a_1)
                                         _01_ (net)
                  0.03    0.00    2.20 v _14_/A_N (sky130_fd_sc_hd__and2b_1)
     1    0.00    0.05    0.17    2.37 ^ _14_/X (sky130_fd_sc_hd__and2b_1)
                                         _03_ (net)
                  0.05    0.00    2.37 ^ _15_/A (sky130_fd_sc_hd__clkbuf_1)
     1    0.01    0.07    0.10    2.47 ^ _15_/X (sky130_fd_sc_hd__clkbuf_1)
                                         net12 (net)
                  0.07    0.00    2.47 ^ output12/A (sky130_fd_sc_hd__buf_2)
     1    0.03    0.17    0.20    2.67 ^ output12/X (sky130_fd_sc_hd__buf_2)
                                         b1[3] (net)
                  0.17    0.00    2.67 ^ b1[3] (out)
                                  2.67   data arrival time

                  0.00    0.00    0.00   clock __VIRTUAL_CLK__ (rise edge)
                          0.00    0.00   clock network delay (ideal)
                          0.25    0.25   clock uncertainty
                          0.00    0.25   clock reconvergence pessimism
                         -2.00   -1.75   output external delay
                                 -1.75   data required time
-----------------------------------------------------------------------------
                                 -1.75   data required time
                                 -2.67   data arrival time
-----------------------------------------------------------------------------
                                  4.42   slack (MET)



worst slack corner Typical: 4.1228
