OpenROAD b16bda7e82721d10566ff7e2b68f1ff0be9f9e38 
Features included (+) or not (-): +Charts +GPU +GUI +Python
This program is licensed under the BSD-3 license. See the LICENSE file for details.
Components of this program may be licensed under more restrictive licenses which must be honored.
Top-level design name: twos_complement
Block boundaries: 0 0 34500 57120
Horizontal Tracks Origin: 340, Count: 84, Step: 680
Vertical Tracks Origin: 230, Count: 75, Step: 460
Placement details for the #W side
Virtual pin count:  0
Actual pin count:  16
Total pin count:  16
Tracks count:  42
Tracks per pin:  2
Used tracks count:  31
Unused track count:  11
Starting track index:  5
Placement Map:
[340, 1700, 3060, 4420, 5780, [91m7140[0m, 8500, [91m9860[0m, 11220, [91m12580[0m, 13940, [91m15300[0m, 16660, [91m18020[0m, 19380, [91m20740[0m, 22100, [91m23460[0m, 24820, [91m26180[0m, 27540, [91m28900[0m, 30260, [91m31620[0m, 32980, [91m34340[0m, 35700, [91m37060[0m, 38420, [91m39780[0m, 41140, [91m42500[0m, 43860, [91m45220[0m, 46580, [91m47940[0m, 49300, 50660, 52020, 53380, 54740, 56100, ]
Indices of used tracks: [5, 7, 9, 11, 13, 15, 17, 19, 21, 23, 25, 27, 29, 31, 33, 35]
---
